This is pdfTeXk, Version 3.141592-1.40.3 (Web2C 7.5.6) (format=pdflatex 2008.11.3)  6 MAR 2009 07:40
entering extended mode
 Source specials enabled.
 %&-line parsing enabled.
**document.tex
(./document.tex
LaTeX2e <2005/12/01>
Babel <v3.8h> and hyphenation patterns for english, usenglishmax, dumylang, noh
yphenation, croatian, ukrainian, russian, bulgarian, czech, slovak, danish, dut
ch, finnish, basque, french, german, ngerman, ibycus, greek, monogreek, ancient
greek, hungarian, italian, latin, mongolian, norsk, icelandic, interlingua, tur
kish, coptic, romanian, welsh, serbian, slovenian, estonian, esperanto, upperso
rbian, indonesian, polish, portuguese, spanish, catalan, galician, swedish, loa
ded.
(./rt-dimap.cls
Document Class: rt-dimap 2006/04/27 v1.0 DIMAP-UFRN Technical Reports class
(/usr/share/texmf-texlive/tex/latex/base/ifthen.sty
Package: ifthen 2001/05/26 v1.1c Standard LaTeX ifthen package (DPC)
)
(/usr/share/texmf-texlive/tex/latex/base/article.cls
Document Class: article 2005/09/16 v1.4f Standard LaTeX document class
(/usr/share/texmf-texlive/tex/latex/base/size12.clo
File: size12.clo 2005/09/16 v1.4f Standard LaTeX file (size option)
)
\c@part=\count79
\c@section=\count80
\c@subsection=\count81
\c@subsubsection=\count82
\c@paragraph=\count83
\c@subparagraph=\count84
\c@figure=\count85
\c@table=\count86
\abovecaptionskip=\skip41
\belowcaptionskip=\skip42
\bibindent=\dimen102
)
(/usr/share/texmf-texlive/tex/generic/babel/babel.sty
Package: babel 2005/11/23 v3.8h The Babel package

(/usr/share/texmf-texlive/tex/generic/babel/english.ldf
Language: english 2005/03/30 v3.3o English support from the babel system

(/usr/share/texmf-texlive/tex/generic/babel/babel.def
File: babel.def 2005/11/23 v3.8h Babel common definitions
\babel@savecnt=\count87
\U@D=\dimen103
)
\l@british = a dialect from \language\l@english 
\l@UKenglish = a dialect from \language\l@english 
\l@canadian = a dialect from \language\l@american 
\l@australian = a dialect from \language\l@british 
\l@newzealand = a dialect from \language\l@british 
)
(/usr/share/texmf-texlive/tex/generic/babel/portuges.ldf
Language: portuges 2005/03/31 v1.2p Portuguese support from the babel system
Package babel Info: Making " an active character on input line 145.
)
(/usr/share/texmf-texlive/tex/generic/babel/portuges.ldf
Language: portuges 2005/03/31 v1.2p Portuguese support from the babel system
\l@brazil = a dialect from \language\l@portuges 
))
(/usr/share/texmf-texlive/tex/latex/base/fontenc.sty
Package: fontenc 2005/09/27 v1.99g Standard LaTeX package

(/usr/share/texmf-texlive/tex/latex/base/t1enc.def
File: t1enc.def 2005/09/27 v1.99g Standard LaTeX file
LaTeX Font Info:    Redeclaring font encoding T1 on input line 43.
))
(/usr/share/texmf-texlive/tex/latex/base/inputenc.sty
Package: inputenc 2006/05/05 v1.1b Input encoding file
\inpenc@prehook=\toks14
\inpenc@posthook=\toks15

(/usr/share/texmf-texlive/tex/latex/base/latin1.def
File: latin1.def 2006/05/05 v1.1b Input encoding file
))
(/usr/share/texmf-texlive/tex/latex/graphics/graphicx.sty
Package: graphicx 1999/02/16 v1.0f Enhanced LaTeX Graphics (DPC,SPQR)

(/usr/share/texmf-texlive/tex/latex/graphics/keyval.sty
Package: keyval 1999/03/16 v1.13 key=value parser (DPC)
\KV@toks@=\toks16
)
(/usr/share/texmf-texlive/tex/latex/graphics/graphics.sty
Package: graphics 2006/02/20 v1.0o Standard LaTeX Graphics (DPC,SPQR)

(/usr/share/texmf-texlive/tex/latex/graphics/trig.sty
Package: trig 1999/03/16 v1.09 sin cos tan (DPC)
)
(/etc/texmf/tex/latex/config/graphics.cfg
File: graphics.cfg 2007/01/18 v1.5 graphics configuration of teTeX/TeXLive
)
Package graphics Info: Driver file: pdftex.def on input line 90.

(/usr/share/texmf-texlive/tex/latex/pdftex-def/pdftex.def
File: pdftex.def 2007/01/08 v0.04d Graphics/color for pdfTeX
\Gread@gobject=\count88
))
\Gin@req@height=\dimen104
\Gin@req@width=\dimen105
)
(/usr/share/texmf-texlive/tex/latex/tools/longtable.sty
Package: longtable 2004/02/01 v4.11 Multi-page Table package (DPC)
\LTleft=\skip43
\LTright=\skip44
\LTpre=\skip45
\LTpost=\skip46
\LTchunksize=\count89
\LTcapwidth=\dimen106
\LT@head=\box26
\LT@firsthead=\box27
\LT@foot=\box28
\LT@lastfoot=\box29
\LT@cols=\count90
\LT@rows=\count91
\c@LT@tables=\count92
\c@LT@chunks=\count93
\LT@p@ftn=\toks17
)
(/usr/share/texmf-texlive/tex/latex/float/float.sty
Package: float 2001/11/08 v1.3d Float enhancements (AL)
\c@float@type=\count94
\float@exts=\toks18
\float@box=\box30
\@float@everytoks=\toks19
\@floatcapt=\box31
)
(/usr/share/texmf-texlive/tex/latex/fancyvrb/fancyvrb.sty
Package: fancyvrb 1998/07/17

Style option: `fancyvrb' v2.6, with DG/SPQR fixes <1998/07/17> (tvz)
\FV@CodeLineNo=\count95
\FV@InFile=\read1
\FV@TabBox=\box32
\c@FancyVerbLine=\count96
\FV@StepNumber=\count97
\FV@OutFile=\write3

No file fancyvrb.cfg.
) (/usr/share/texmf-texlive/tex/latex/ltxmisc/url.sty
\Urlmuskip=\muskip10
Package: url 2005/06/27  ver 3.2  Verb mode for urls, etc.
) (./algorithm2e.sty
Package: algorithm2e 2004/06/16
\c@AlgoLine=\count98

(/usr/share/texmf-texlive/tex/latex/tools/xspace.sty
Package: xspace 2006/05/08 v1.12 Space after command names (DPC,MH)
)
********************************************************
Package `algorithm2e' Release 3.6 -- january 25 2005 --
- algorithm2e-announce@lirmm.fr mailing list for announcement about releases
- algorithm2e-discussion@lirmm.fr mailing list for discussion about package
subscribe by emailing sympa@lirmm.fr with 'subscribe <list> <firstname name>'
- Author: Christophe Fiorio (fiorio@lirmm.fr)
********************************************************
\skiptotal=\skip47
\skiprule=\skip48
\skiphlne=\skip49
\skiptext=\skip50
\skiplength=\skip51
\algomargin=\skip52
\skipalgocfslide=\skip53
\algowidth=\dimen107
\inoutsize=\dimen108
\inoutline=\dimen109
\AlCapSkip=\skip54
\algocf@inoutbox=\box33
\algocf@inputbox=\box34
\algocf@capbox=\box35
\c@algocfline=\count99
\c@algocf=\count100
\algocf@algoframe=\box36
\algocf@algobox=\box37
) (/usr/share/texmf-texlive/tex/latex/tools/indentfirst.sty
Package: indentfirst 1995/11/23 v1.03 Indent first paragraph (DPC)
)
(/usr/share/texmf-texlive/tex/latex/psnfss/times.sty
Package: times 2005/04/12 PSNFSS-v9.2a (SPQR) 
)
LaTeX 2e package `rt-dimap' -- Released 27 Apr 2006
(/usr/share/texmf-texlive/tex/latex/graphics/color.sty
Package: color 2005/11/14 v1.0j Standard LaTeX Color (DPC)

(/etc/texmf/tex/latex/config/color.cfg
File: color.cfg 2007/01/18 v1.5 color configuration of teTeX/TeXLive
)
Package color Info: Driver file: pdftex.def on input line 130.
)
\@float@every@codigo=\toks20
\c@codigo=\count101
\TR@tmpbox=\box38
) (./document.aux)
\openout1 = `document.aux'.

LaTeX Font Info:    Checking defaults for OML/cmm/m/it on input line 48.
LaTeX Font Info:    ... okay on input line 48.
LaTeX Font Info:    Checking defaults for T1/cmr/m/n on input line 48.
LaTeX Font Info:    ... okay on input line 48.
LaTeX Font Info:    Checking defaults for OT1/cmr/m/n on input line 48.
LaTeX Font Info:    ... okay on input line 48.
LaTeX Font Info:    Checking defaults for OMS/cmsy/m/n on input line 48.
LaTeX Font Info:    ... okay on input line 48.
LaTeX Font Info:    Checking defaults for OMX/cmex/m/n on input line 48.
LaTeX Font Info:    ... okay on input line 48.
LaTeX Font Info:    Checking defaults for U/cmr/m/n on input line 48.
LaTeX Font Info:    ... okay on input line 48.
LaTeX Font Info:    Try loading font information for T1+ptm on input line 48.

(/usr/share/texmf-texlive/tex/latex/psnfss/t1ptm.fd
File: t1ptm.fd 2001/06/04 font definitions for T1/ptm.
)
\GPT@outputbox=\box39

<DIMAP-RT.png, id=1, 354.32375pt x 166.6225pt>
File: DIMAP-RT.png Graphic file (type png)
 <use DIMAP-RT.png>
! Undefined control sequence.
\FreeRTOS ->\operatorname 
                          {\textit {FreeRTOS}}
l.74 \TRMakeCover
                 
The control sequence at the end of the top line
of your error message was never \def'ed. If you have
misspelled it (e.g., `\hobx'), type `I' and the correct
spelling (e.g., `I\hbox'). Otherwise just continue,
and I'll forget about whatever was undefined.

LaTeX Font Info:    External font `cmex10' loaded for size
(Font)              <11> on input line 74.
LaTeX Font Info:    External font `cmex10' loaded for size
(Font)              <8> on input line 74.
LaTeX Font Info:    External font `cmex10' loaded for size
(Font)              <5> on input line 74.
LaTeX Font Info:    Try loading font information for T1+cmss on input line 74.
(/usr/share/texmf-texlive/tex/latex/base/t1cmss.fd
File: t1cmss.fd 1999/05/25 v2.5h Standard LaTeX font definitions
)
Overfull \hbox (42.67911pt too wide) in paragraph at lines 74--74
[][] $[]$ 
 []

[0

]
Overfull \vbox (55.3908pt too high) has occurred while \output is active []


[1{/var/lib/texmf/fonts/map/pdftex/updmap/pdftex.map} <./DIMAP-RT.png (PNG copy
)>]
LaTeX Font Info:    Font shape `T1/ptm/bx/n' in size <20.74> not available
(Font)              Font shape `T1/ptm/b/n' tried instead on input line 89.

! Undefined control sequence.
\FreeRTOS ->\operatorname 
                          {\textit {FreeRTOS}}
l.89 \maketitle
               
The control sequence at the end of the top line
of your error message was never \def'ed. If you have
misspelled it (e.g., `\hobx'), type `I' and the correct
spelling (e.g., `I\hbox'). Otherwise just continue,
and I'll forget about whatever was undefined.

LaTeX Font Info:    Font shape `T1/ptm/bx/it' in size <20.74> not available
(Font)              Font shape `T1/ptm/b/it' tried instead on input line 89.
LaTeX Font Info:    External font `cmex10' loaded for size
(Font)              <14.4> on input line 89.
LaTeX Font Info:    External font `cmex10' loaded for size
(Font)              <7> on input line 89.
! Undefined control sequence.
\FreeRTOS ->\operatorname 
                          {\textit {FreeRTOS}}
l.95 ...ão, S.S.L.}{\small Modelagem do \FreeRTOS}
                                                  
The control sequence at the end of the top line
of your error message was never \def'ed. If you have
misspelled it (e.g., `\hobx'), type `I' and the correct
spelling (e.g., `I\hbox'). Otherwise just continue,
and I'll forget about whatever was undefined.

LaTeX Font Info:    Font shape `T1/ptm/bx/n' in size <12> not available
(Font)              Font shape `T1/ptm/b/n' tried instead on input line 101.
LaTeX Font Info:    Font shape `T1/ptm/bx/it' in size <12> not available
(Font)              Font shape `T1/ptm/b/it' tried instead on input line 101.
! Undefined control sequence.
\FreeRTOS ->\operatorname 
                          {\textit {FreeRTOS}}
l.103 ... the operation real time system \FreeRTOS
                                                  . For
The control sequence at the end of the top line
of your error message was never \def'ed. If you have
misspelled it (e.g., `\hobx'), type `I' and the correct
spelling (e.g., `I\hbox'). Otherwise just continue,
and I'll forget about whatever was undefined.

! Undefined control sequence.
\FreeRTOS ->\operatorname 
                          {\textit {FreeRTOS}}
l.107 ...at intent specific formally the \FreeRTOS
                                                  .
The control sequence at the end of the top line
of your error message was never \def'ed. If you have
misspelled it (e.g., `\hobx'), type `I' and the correct
spelling (e.g., `I\hbox'). Otherwise just continue,
and I'll forget about whatever was undefined.

! Undefined control sequence.
\FreeRTOS ->\operatorname 
                          {\textit {FreeRTOS}}
l.111 Operation real time system, \FreeRTOS
                                           , Challenge, Method B
The control sequence at the end of the top line
of your error message was never \def'ed. If you have
misspelled it (e.g., `\hobx'), type `I' and the correct
spelling (e.g., `I\hbox'). Otherwise just continue,
and I'll forget about whatever was undefined.

! Undefined control sequence.
\FreeRTOS ->\operatorname 
                          {\textit {FreeRTOS}}
l.120 \FreeRTOS
               , que devido a sua simplicidade, portabilidade e eficiência é...
The control sequence at the end of the top line
of your error message was never \def'ed. If you have
misspelled it (e.g., `\hobx'), type `I' and the correct
spelling (e.g., `I\hbox'). Otherwise just continue,
and I'll forget about whatever was undefined.

! Undefined control sequence.
\FreeRTOS ->\operatorname 
                          {\textit {FreeRTOS}}
l.127 especificar formalmente o \FreeRTOS
                                         .
The control sequence at the end of the top line
of your error message was never \def'ed. If you have
misspelled it (e.g., `\hobx'), type `I' and the correct
spelling (e.g., `I\hbox'). Otherwise just continue,
and I'll forget about whatever was undefined.

! Undefined control sequence.
\FreeRTOS ->\operatorname 
                          {\textit {FreeRTOS}}
l.131 Sistema operacional de tempo real, \FreeRTOS
                                                  , Desafio, Método B
The control sequence at the end of the top line
of your error message was never \def'ed. If you have
misspelled it (e.g., `\hobx'), type `I' and the correct
spelling (e.g., `I\hbox'). Otherwise just continue,
and I'll forget about whatever was undefined.

LaTeX Font Info:    Font shape `T1/ptm/bx/n' in size <17.28> not available
(Font)              Font shape `T1/ptm/b/n' tried instead on input line 136.
! Undefined control sequence.
\FreeRTOS ->\operatorname 
                          {\textit {FreeRTOS}}
l.150 \FreeRTOS
               . Para assim, proporcionar ao mesmo a segurança, confiabilida...
The control sequence at the end of the top line
of your error message was never \def'ed. If you have
misspelled it (e.g., `\hobx'), type `I' and the correct
spelling (e.g., `I\hbox'). Otherwise just continue,
and I'll forget about whatever was undefined.

! Undefined control sequence.
\FreeRTOS ->\operatorname 
                          {\textit {FreeRTOS}}
l.153 O \FreeRTOS
                  é um sistema operacional de tempo real pequeno, simples e ...
The control sequence at the end of the top line
of your error message was never \def'ed. If you have
misspelled it (e.g., `\hobx'), type `I' and the correct
spelling (e.g., `I\hbox'). Otherwise just continue,
and I'll forget about whatever was undefined.

LaTeX Font Info:    External font `cmex10' loaded for size
(Font)              <12> on input line 157.
LaTeX Font Info:    External font `cmex10' loaded for size
(Font)              <6> on input line 157.
! Undefined control sequence.
\FreeRTOS ->\operatorname 
                          {\textit {FreeRTOS}}
l.158 ...ra várias outras arquiteturas diferentes}
                                                  ,
The control sequence at the end of the top line
of your error message was never \def'ed. If you have
misspelled it (e.g., `\hobx'), type `I' and the correct
spelling (e.g., `I\hbox'). Otherwise just continue,
and I'll forget about whatever was undefined.

[2]
! Undefined control sequence.
\FreeRTOS ->\operatorname 
                          {\textit {FreeRTOS}}
l.165 ...és de uma modelagem abstrata do \FreeRTOS
                                                  , a resolução do
The control sequence at the end of the top line
of your error message was never \def'ed. If you have
misspelled it (e.g., `\hobx'), type `I' and the correct
spelling (e.g., `I\hbox'). Otherwise just continue,
and I'll forget about whatever was undefined.

! Undefined control sequence.
\FreeRTOS ->\operatorname 
                          {\textit {FreeRTOS}}
l.173 ...amente tem-se uma introdução ao \FreeRTOS
                                                  , demonstrado as suas prin...
The control sequence at the end of the top line
of your error message was never \def'ed. If you have
misspelled it (e.g., `\hobx'), type `I' and the correct
spelling (e.g., `I\hbox'). Otherwise just continue,
and I'll forget about whatever was undefined.

! Undefined control sequence.
\FreeRTOS ->\operatorname 
                          {\textit {FreeRTOS}}
l.178 ...o como foi feita a modelagem do \FreeRTOS
                                                  , suas máquinas com seus
The control sequence at the end of the top line
of your error message was never \def'ed. If you have
misspelled it (e.g., `\hobx'), type `I' and the correct
spelling (e.g., `I\hbox'). Otherwise just continue,
and I'll forget about whatever was undefined.

! Undefined control sequence.
\FreeRTOS ->\operatorname 
                          {\textit {FreeRTOS}}
l.188 \section{\FreeRTOS}
                         
The control sequence at the end of the top line
of your error message was never \def'ed. If you have
misspelled it (e.g., `\hobx'), type `I' and the correct
spelling (e.g., `I\hbox'). Otherwise just continue,
and I'll forget about whatever was undefined.

LaTeX Font Info:    Font shape `T1/ptm/bx/it' in size <17.28> not available
(Font)              Font shape `T1/ptm/b/it' tried instead on input line 188.
! Undefined control sequence.
\FreeRTOS ->\operatorname 
                          {\textit {FreeRTOS}}
l.188 \section{\FreeRTOS}
                         
The control sequence at the end of the top line
of your error message was never \def'ed. If you have
misspelled it (e.g., `\hobx'), type `I' and the correct
spelling (e.g., `I\hbox'). Otherwise just continue,
and I'll forget about whatever was undefined.

! Undefined control sequence.
\FreeRTOS ->\operatorname 
                          {\textit {FreeRTOS}}
l.209 ... fundamentais implementado pelo \FreeRTOS
                                                   e presente na maioria dos
The control sequence at the end of the top line
of your error message was never \def'ed. If you have
misspelled it (e.g., `\hobx'), type `I' and the correct
spelling (e.g., `I\hbox'). Otherwise just continue,
and I'll forget about whatever was undefined.

! Undefined control sequence.
\FreeRTOS ->\operatorname 
                          {\textit {FreeRTOS}}
l.211 ...idades, formam todo o núcleo do \FreeRTOS
                                                  , restando
The control sequence at the end of the top line
of your error message was never \def'ed. If you have
misspelled it (e.g., `\hobx'), type `I' and the correct
spelling (e.g., `I\hbox'). Otherwise just continue,
and I'll forget about whatever was undefined.

LaTeX Font Info:    Font shape `T1/ptm/bx/n' in size <14.4> not available
(Font)              Font shape `T1/ptm/b/n' tried instead on input line 216.
! Undefined control sequence.
\FreeRTOS ->\operatorname 
                          {\textit {FreeRTOS}}
l.219 multitarefa. No \FreeRTOS
                               , uma tarefa é composta por: um pilha de cont...
The control sequence at the end of the top line
of your error message was never \def'ed. If you have
misspelled it (e.g., `\hobx'), type `I' and the correct
spelling (e.g., `I\hbox'). Otherwise just continue,
and I'll forget about whatever was undefined.

[3]
! Undefined control sequence.
\FreeRTOS ->\operatorname 
                          {\textit {FreeRTOS}}
l.226 ... que uma tarefa pode assumir no \FreeRTOS
                                                   são: executando, pronto,
The control sequence at the end of the top line
of your error message was never \def'ed. If you have
misspelled it (e.g., `\hobx'), type `I' and the correct
spelling (e.g., `I\hbox'). Otherwise just continue,
and I'll forget about whatever was undefined.

! Undefined control sequence.
\FreeRTOS ->\operatorname 
                          {\textit {FreeRTOS}}
l.235 \FreeRTOS
               . O gráfico completo de transição de estados que uma tarefa p...
The control sequence at the end of the top line
of your error message was never \def'ed. If you have
misspelled it (e.g., `\hobx'), type `I' and the correct
spelling (e.g., `I\hbox'). Otherwise just continue,
and I'll forget about whatever was undefined.

<jpg/tkstate.jpg, id=24, 392.4261pt x 414.8298pt>
File: jpg/tkstate.jpg Graphic file (type jpg)
 <use jpg/tkstate.jpg>
! Undefined control sequence.
\FreeRTOS ->\operatorname 
                          {\textit {FreeRTOS}}
l.242 ...ição de estados das tarefas do \FreeRTOS}
                                                  
The control sequence at the end of the top line
of your error message was never \def'ed. If you have
misspelled it (e.g., `\hobx'), type `I' and the correct
spelling (e.g., `I\hbox'). Otherwise just continue,
and I'll forget about whatever was undefined.

! Undefined control sequence.
\FreeRTOS ->\operatorname 
                          {\textit {FreeRTOS}}
l.242 ...ição de estados das tarefas do \FreeRTOS}
                                                  
The control sequence at the end of the top line
of your error message was never \def'ed. If you have
misspelled it (e.g., `\hobx'), type `I' and the correct
spelling (e.g., `I\hbox'). Otherwise just continue,
and I'll forget about whatever was undefined.

! Undefined control sequence.
\FreeRTOS ->\operatorname 
                          {\textit {FreeRTOS}}
l.247 ...ma, definida pelo o usuário. No \FreeRTOS
                                                  , as prioridades servem pa...
The control sequence at the end of the top line
of your error message was never \def'ed. If you have
misspelled it (e.g., `\hobx'), type `I' and the correct
spelling (e.g., `I\hbox'). Otherwise just continue,
and I'll forget about whatever was undefined.

<jpg/scheduler.jpg, id=25, 766.7847pt x 307.1475pt>
File: jpg/scheduler.jpg Graphic file (type jpg)
 <use jpg/scheduler.jpg>
! Undefined control sequence.
\FreeRTOS ->\operatorname 
                          {\textit {FreeRTOS}}
l.265 ...uncionamento do escalonador do \FreeRTOS}
                                                  
The control sequence at the end of the top line
of your error message was never \def'ed. If you have
misspelled it (e.g., `\hobx'), type `I' and the correct
spelling (e.g., `I\hbox'). Otherwise just continue,
and I'll forget about whatever was undefined.

! Undefined control sequence.
\FreeRTOS ->\operatorname 
                          {\textit {FreeRTOS}}
l.265 ...uncionamento do escalonador do \FreeRTOS}
                                                  
The control sequence at the end of the top line
of your error message was never \def'ed. If you have
misspelled it (e.g., `\hobx'), type `I' and the correct
spelling (e.g., `I\hbox'). Otherwise just continue,
and I'll forget about whatever was undefined.


LaTeX Warning: `h' float specifier changed to `ht'.

[4 <./jpg/tkstate.jpg>] <jpg/crstates.jpg, id=29, 291.0875pt x 238.8925pt>
File: jpg/crstates.jpg Graphic file (type jpg)

<use jpg/crstates.jpg>
! Undefined control sequence.
\FreeRTOS ->\operatorname 
                          {\textit {FreeRTOS}}
l.295 ...o de estados das co-rotinas do \FreeRTOS}
                                                  
The control sequence at the end of the top line
of your error message was never \def'ed. If you have
misspelled it (e.g., `\hobx'), type `I' and the correct
spelling (e.g., `I\hbox'). Otherwise just continue,
and I'll forget about whatever was undefined.

! Undefined control sequence.
\FreeRTOS ->\operatorname 
                          {\textit {FreeRTOS}}
l.295 ...o de estados das co-rotinas do \FreeRTOS}
                                                  
The control sequence at the end of the top line
of your error message was never \def'ed. If you have
misspelled it (e.g., `\hobx'), type `I' and the correct
spelling (e.g., `I\hbox'). Otherwise just continue,
and I'll forget about whatever was undefined.

! Undefined control sequence.
\FreeRTOS ->\operatorname 
                          {\textit {FreeRTOS}}
l.310 ...s enviam e recebem mensagem. No \FreeRTOS
                                                  ,
The control sequence at the end of the top line
of your error message was never \def'ed. If you have
misspelled it (e.g., `\hobx'), type `I' and the correct
spelling (e.g., `I\hbox'). Otherwise just continue,
and I'll forget about whatever was undefined.

[5 <./jpg/scheduler.jpg> <./jpg/crstates.jpg>]
! Undefined control sequence.
\FreeRTOS ->\operatorname 
                          {\textit {FreeRTOS}}
l.319 No \FreeRTOS
                  , é possível definir o tempo máximo que uma tarefa pode ficar
The control sequence at the end of the top line
of your error message was never \def'ed. If you have
misspelled it (e.g., `\hobx'), type `I' and the correct
spelling (e.g., `I\hbox'). Otherwise just continue,
and I'll forget about whatever was undefined.

! Undefined control sequence.
\FreeRTOS ->\operatorname 
                          {\textit {FreeRTOS}}
l.334 No \FreeRTOS
                   os semáforo funcionam como uma fila de mensagens com um ú...
The control sequence at the end of the top line
of your error message was never \def'ed. If you have
misspelled it (e.g., `\hobx'), type `I' and the correct
spelling (e.g., `I\hbox'). Otherwise just continue,
and I'll forget about whatever was undefined.

! Undefined control sequence.
\FreeRTOS ->\operatorname 
                          {\textit {FreeRTOS}}
l.359 ...monstrado na sessão anterior, o \FreeRTOS
                                                   possui uma grande quantid...
The control sequence at the end of the top line
of your error message was never \def'ed. If you have
misspelled it (e.g., `\hobx'), type `I' and the correct
spelling (e.g., `I\hbox'). Otherwise just continue,
and I'll forget about whatever was undefined.

! Undefined control sequence.
\FreeRTOS ->\operatorname 
                          {\textit {FreeRTOS}}
l.365 a modelagem do \FreeRTOS
                              .
The control sequence at the end of the top line
of your error message was never \def'ed. If you have
misspelled it (e.g., `\hobx'), type `I' and the correct
spelling (e.g., `I\hbox'). Otherwise just continue,
and I'll forget about whatever was undefined.

[6]
LaTeX Font Info:    Try loading font information for OMS+ptm on input line 385.

 (/usr/share/texmf-texlive/tex/latex/psnfss/omsptm.fd
File: omsptm.fd 
)
LaTeX Font Info:    Font shape `OMS/ptm/m/n' in size <12> not available
(Font)              Font shape `OMS/cmsy/m/n' tried instead on input line 385.

! Undefined control sequence.
\FreeRTOS ->\operatorname 
                          {\textit {FreeRTOS}}
l.386   \FreeRTOS
                 , retornando uma referência para a tarefa criada. Caso a ta...
The control sequence at the end of the top line
of your error message was never \def'ed. If you have
misspelled it (e.g., `\hobx'), type `I' and the correct
spelling (e.g., `I\hbox'). Otherwise just continue,
and I'll forget about whatever was undefined.

! Undefined control sequence.
\FreeRTOS ->\operatorname 
                          {\textit {FreeRTOS}}
l.389 ...kDelete} - Remove uma tarefa do \FreeRTOS
                                                  . Entretanto, os
The control sequence at the end of the top line
of your error message was never \def'ed. If you have
misspelled it (e.g., `\hobx'), type `I' and the correct
spelling (e.g., `I\hbox'). Otherwise just continue,
and I'll forget about whatever was undefined.

! Undefined control sequence.
\FreeRTOS ->\operatorname 
                          {\textit {FreeRTOS}}
l.394   no \FreeRTOS}
                     .
The control sequence at the end of the top line
of your error message was never \def'ed. If you have
misspelled it (e.g., `\hobx'), type `I' and the correct
spelling (e.g., `I\hbox'). Otherwise just continue,
and I'll forget about whatever was undefined.

! Undefined control sequence.
\FreeRTOS ->\operatorname 
                          {\textit {FreeRTOS}}
l.402 tarefas presentes no \FreeRTOS
                                    . Desse modo, as funcionalidades que for...
The control sequence at the end of the top line
of your error message was never \def'ed. If you have
misspelled it (e.g., `\hobx'), type `I' and the correct
spelling (e.g., `I\hbox'). Otherwise just continue,
and I'll forget about whatever was undefined.

[7]
! Undefined control sequence.
\FreeRTOS ->\operatorname 
                          {\textit {FreeRTOS}}
l.444 ...ividades do escalonador estão suspensas }
                                                  . Caso, a tarefa ociosa nã...
The control sequence at the end of the top line
of your error message was never \def'ed. If you have
misspelled it (e.g., `\hobx'), type `I' and the correct
spelling (e.g., `I\hbox'). Otherwise just continue,
and I'll forget about whatever was undefined.


Underfull \hbox (badness 3601) in paragraph at lines 453--455
[][]\T1/ptm/b/n/12 vTaskSuspendAll \T1/ptm/m/n/12 - Sus-pende tem-po-ra-ri-a-me
nte to-das ati-vi-da-des do es-ca-lo-na-dor
 []

! Undefined control sequence.
\FreeRTOS ->\operatorname 
                          {\textit {FreeRTOS}}
l.474   tarefas do \FreeRTOS
                            .
The control sequence at the end of the top line
of your error message was never \def'ed. If you have
misspelled it (e.g., `\hobx'), type `I' and the correct
spelling (e.g., `I\hbox'). Otherwise just continue,
and I'll forget about whatever was undefined.

! Undefined control sequence.
\FreeRTOS ->\operatorname 
                          {\textit {FreeRTOS}}
l.482 ...xcluir as filas de mensagens do \FreeRTOS
                                                  .
The control sequence at the end of the top line
of your error message was never \def'ed. If you have
misspelled it (e.g., `\hobx'), type `I' and the correct
spelling (e.g., `I\hbox'). Otherwise just continue,
and I'll forget about whatever was undefined.

[8]
! Undefined control sequence.
\FreeRTOS ->\operatorname 
                          {\textit {FreeRTOS}}
l.515 ...Exclui uma fila de mensagens do \FreeRTOS
                                                  .
The control sequence at the end of the top line
of your error message was never \def'ed. If you have
misspelled it (e.g., `\hobx'), type `I' and the correct
spelling (e.g., `I\hbox'). Otherwise just continue,
and I'll forget about whatever was undefined.

! Undefined control sequence.
\FreeRTOS ->\operatorname 
                          {\textit {FreeRTOS}}
l.523 ...a das funcionalidades da API do \FreeRTOS
                                                  ,
The control sequence at the end of the top line
of your error message was never \def'ed. If you have
misspelled it (e.g., `\hobx'), type `I' and the correct
spelling (e.g., `I\hbox'). Otherwise just continue,
and I'll forget about whatever was undefined.

[9]
! Undefined control sequence.
\FreeRTOS ->\operatorname 
                          {\textit {FreeRTOS}}
l.565 A modelagem em B do \FreeRTOS
                                    pode ser divida em dois grupos principai...
The control sequence at the end of the top line
of your error message was never \def'ed. If you have
misspelled it (e.g., `\hobx'), type `I' and the correct
spelling (e.g., `I\hbox'). Otherwise just continue,
and I'll forget about whatever was undefined.

! Undefined control sequence.
\FreeRTOS ->\operatorname 
                          {\textit {FreeRTOS}}
l.583 ...arefas que podem ser criadas no \FreeRTOS
                                                  . E, em
The control sequence at the end of the top line
of your error message was never \def'ed. If you have
misspelled it (e.g., `\hobx'), type `I' and the correct
spelling (e.g., `I\hbox'). Otherwise just continue,
and I'll forget about whatever was undefined.

LaTeX Font Info:    External font `cmex10' loaded for size
(Font)              <10.95> on input line 602.
! Undefined control sequence.
\FreeRTOS ->\operatorname 
                          {\textit {FreeRTOS}}
l.661 ...o das funcionalidades da API do \FreeRTOS
                                                  
The control sequence at the end of the top line
of your error message was never \def'ed. If you have
misspelled it (e.g., `\hobx'), type `I' and the correct
spelling (e.g., `I\hbox'). Otherwise just continue,
and I'll forget about whatever was undefined.

! Undefined control sequence.
\FreeRTOS ->\operatorname 
                          {\textit {FreeRTOS}}
l.705 ...nto de tarefas gerenciadas pelo \FreeRTOS
                                                  ,
The control sequence at the end of the top line
of your error message was never \def'ed. If you have
misspelled it (e.g., `\hobx'), type `I' and the correct
spelling (e.g., `I\hbox'). Otherwise just continue,
and I'll forget about whatever was undefined.

[10]
! Undefined control sequence.
\FreeRTOS ->\operatorname 
                          {\textit {FreeRTOS}}
l.721 ...uma nova tarefa gerenciada pelo \FreeRTOS
                                                  , podendo
The control sequence at the end of the top line
of your error message was never \def'ed. If you have
misspelled it (e.g., `\hobx'), type `I' and the correct
spelling (e.g., `I\hbox'). Otherwise just continue,
and I'll forget about whatever was undefined.

! Undefined control sequence.
\FreeRTOS ->\operatorname 
                          {\textit {FreeRTOS}}
l.724 ...clui uma tarefa gerenciada pelo \FreeRTOS
                                                  . Se a tarefa
The control sequence at the end of the top line
of your error message was never \def'ed. If you have
misspelled it (e.g., `\hobx'), type `I' and the correct
spelling (e.g., `I\hbox'). Otherwise just continue,
and I'll forget about whatever was undefined.

! Undefined control sequence.
\FreeRTOS ->\operatorname 
                          {\textit {FreeRTOS}}
l.738 ...nta as possíveis prioridades do \FreeRTOS
                                                  .
The control sequence at the end of the top line
of your error message was never \def'ed. If you have
misspelled it (e.g., `\hobx'), type `I' and the correct
spelling (e.g., `I\hbox'). Otherwise just continue,
and I'll forget about whatever was undefined.

! Undefined control sequence.
\FreeRTOS ->\operatorname 
                          {\textit {FreeRTOS}}
l.744 do \FreeRTOS
                  
The control sequence at the end of the top line
of your error message was never \def'ed. If you have
misspelled it (e.g., `\hobx'), type `I' and the correct
spelling (e.g., `I\hbox'). Otherwise just continue,
and I'll forget about whatever was undefined.

[11]
! Undefined control sequence.
\FreeRTOS ->\operatorname 
                          {\textit {FreeRTOS}}
l.755 ...r} - Exclui todas as tarefas do \FreeRTOS
                                                  , zerando os
The control sequence at the end of the top line
of your error message was never \def'ed. If you have
misspelled it (e.g., `\hobx'), type `I' and the correct
spelling (e.g., `I\hbox'). Otherwise just continue,
and I'll forget about whatever was undefined.


Underfull \hbox (badness 1215) in paragraph at lines 776--785
[][]\T1/ptm/m/n/12 A fun-ci-o-na-li-dade es-co-lhida como prin-ci-pal para o gr
upo cri-a-ção de ta-refa foi a
 []

[12]

LaTeX Warning: `!h' float specifier changed to `!ht'.

[13]

LaTeX Warning: `!h' float specifier changed to `!ht'.

! Undefined control sequence.
\FreeRTOS ->\operatorname 
                          {\textit {FreeRTOS}}
l.949 ... que podem ser gerenciados pelo \FreeRTOS
                                                  . Em
The control sequence at the end of the top line
of your error message was never \def'ed. If you have
misspelled it (e.g., `\hobx'), type `I' and the correct
spelling (e.g., `I\hbox'). Otherwise just continue,
and I'll forget about whatever was undefined.

! Undefined control sequence.
\FreeRTOS ->\operatorname 
                          {\textit {FreeRTOS}}
l.951 mensagens gerenciadas pelo \FreeRTOS
                                          . E por fim, são criados as relações
The control sequence at the end of the top line
of your error message was never \def'ed. If you have
misspelled it (e.g., `\hobx'), type `I' and the correct
spelling (e.g., `I\hbox'). Otherwise just continue,
and I'll forget about whatever was undefined.

[14]
Underfull \hbox (badness 3701) in paragraph at lines 1013--1019
[][]\T1/ptm/m/n/12 Depois da mo-de-la-gem do con-ceito de fila de men-sa-gens, 
ainda na má-quina
 []


LaTeX Warning: `!h' float specifier changed to `!ht'.

[15]
! Undefined control sequence.
\FreeRTOS ->\operatorname 
                          {\textit {FreeRTOS}}
l.1073 ...odas as filas gerenciadas pelo \FreeRTOS
                                                  }
The control sequence at the end of the top line
of your error message was never \def'ed. If you have
misspelled it (e.g., `\hobx'), type `I' and the correct
spelling (e.g., `I\hbox'). Otherwise just continue,
and I'll forget about whatever was undefined.

[16] [17]
! Undefined control sequence.
\FreeRTOS ->\operatorname 
                          {\textit {FreeRTOS}}
l.1214 Através da modelagem do \FreeRTOS
                                         percebeu-se também que para especif...
The control sequence at the end of the top line
of your error message was never \def'ed. If you have
misspelled it (e.g., `\hobx'), type `I' and the correct
spelling (e.g., `I\hbox'). Otherwise just continue,
and I'll forget about whatever was undefined.

! Undefined control sequence.
\FreeRTOS ->\operatorname 
                          {\textit {FreeRTOS}}
l.1216 do \FreeRTOS
                   , será necessário um formalismo diferente do método B, po...
The control sequence at the end of the top line
of your error message was never \def'ed. If you have
misspelled it (e.g., `\hobx'), type `I' and the correct
spelling (e.g., `I\hbox'). Otherwise just continue,
and I'll forget about whatever was undefined.

! Undefined control sequence.
\FreeRTOS ->\operatorname 
                          {\textit {FreeRTOS}}
l.1218 tarefas do \FreeRTOS
                           . Com isso, o formalismo sugerido para tratar da ...
The control sequence at the end of the top line
of your error message was never \def'ed. If you have
misspelled it (e.g., `\hobx'), type `I' and the correct
spelling (e.g., `I\hbox'). Otherwise just continue,
and I'll forget about whatever was undefined.

! Undefined control sequence.
\FreeRTOS ->\operatorname 
                          {\textit {FreeRTOS}}
l.1219 no \FreeRTOS
                   , sem a perda da especificação inicial criada, seria o Ev...
The control sequence at the end of the top line
of your error message was never \def'ed. If you have
misspelled it (e.g., `\hobx'), type `I' and the correct
spelling (e.g., `I\hbox'). Otherwise just continue,
and I'll forget about whatever was undefined.

[18]
! Undefined control sequence.
\FreeRTOS ->\operatorname 
                          {\textit {FreeRTOS}}
l.1222 ...ma, a especificação inicial do \FreeRTOS
                                                   foi realizada através de ...
The control sequence at the end of the top line
of your error message was never \def'ed. If you have
misspelled it (e.g., `\hobx'), type `I' and the correct
spelling (e.g., `I\hbox'). Otherwise just continue,
and I'll forget about whatever was undefined.

LaTeX Font Info:    Font shape `T1/ptm/bx/n' in size <8> not available
(Font)              Font shape `T1/ptm/b/n' tried instead on input line 1238.
! Undefined control sequence.
\FreeRTOS ->\operatorname 
                          {\textit {FreeRTOS}}
l.1252 ...pleta do sistema de tempo real \FreeRTOS
                                                   que possa tanto comprovar a
The control sequence at the end of the top line
of your error message was never \def'ed. If you have
misspelled it (e.g., `\hobx'), type `I' and the correct
spelling (e.g., `I\hbox'). Otherwise just continue,
and I'll forget about whatever was undefined.

! Undefined control sequence.
\FreeRTOS ->\operatorname 
                          {\textit {FreeRTOS}}
l.1257 ...as de concorrência presente no \FreeRTOS
                                                   possam ser
The control sequence at the end of the top line
of your error message was never \def'ed. If you have
misspelled it (e.g., `\hobx'), type `I' and the correct
spelling (e.g., `I\hbox'). Otherwise just continue,
and I'll forget about whatever was undefined.

! Undefined control sequence.
\FreeRTOS ->\operatorname 
                          {\textit {FreeRTOS}}
l.1263 sistema operacional de tempo real \FreeRTOS
                                                  , sendo assim possível que...
The control sequence at the end of the top line
of your error message was never \def'ed. If you have
misspelled it (e.g., `\hobx'), type `I' and the correct
spelling (e.g., `I\hbox'). Otherwise just continue,
and I'll forget about whatever was undefined.

(./document.bbl
LaTeX Font Info:    Try loading font information for T1+pcr on input line 6.
 (/usr/share/texmf-texlive/tex/latex/psnfss/t1pcr.fd
File: t1pcr.fd 2001/06/04 font definitions for T1/pcr.
) [19])
[20] (./document.aux) ) 
Here is how much of TeX's memory you used:
 2749 strings out of 94101
 33806 string characters out of 1165810
 109053 words of memory out of 1500000
 5956 multiletter control sequences out of 10000+50000
 72069 words of font info for 89 fonts, out of 1200000 for 2000
 637 hyphenation exceptions out of 8191
 32i,17n,26p,242b,346s stack positions out of 5000i,500n,6000p,200000b,5000s
{/usr/share/texmf-texlive/fonts/enc/dvips/base/8r.enc} <
/home/stepgalvao/.texmf-var/fonts/pk/ljfour/jknappen/ec/ecss1000.600pk> </home/
stepgalvao/.texmf-var/fonts/pk/ljfour/jknappen/ec/ecti1095.600pk> </home/stepga
lvao/.texmf-var/fonts/pk/ljfour/jknappen/ec/ecbi1095.600pk> </home/stepgalvao/.
texmf-var/fonts/pk/ljfour/jknappen/ec/ecbx1095.600pk></usr/share/texmf-texlive/
fonts/type1/bluesky/cm/cmbx10.pfb></usr/share/texmf-texlive/fonts/type1/bluesky
/cm/cmbx12.pfb></usr/share/texmf-texlive/fonts/type1/bluesky/cm/cmbx7.pfb></usr
/share/texmf-texlive/fonts/type1/bluesky/cm/cmmi10.pfb></usr/share/texmf-texliv
e/fonts/type1/bluesky/cm/cmr10.pfb></usr/share/texmf-texlive/fonts/type1/bluesk
y/cm/cmr12.pfb></usr/share/texmf-texlive/fonts/type1/bluesky/cm/cmsy10.pfb></us
r/share/texmf-texlive/fonts/type1/bluesky/cm/cmti10.pfb></usr/share/texmf-texli
ve/fonts/type1/bluesky/cm/cmti12.pfb></usr/share/texmf-texlive/fonts/type1/blue
sky/cm/cmti8.pfb></usr/share/texmf-texlive/fonts/type1/urw/courier/ucrr8a.pfb><
/usr/share/texmf-texlive/fonts/type1/urw/times/utmb8a.pfb></usr/share/texmf-tex
live/fonts/type1/urw/times/utmbi8a.pfb></usr/share/texmf-texlive/fonts/type1/ur
w/times/utmr8a.pfb></usr/share/texmf-texlive/fonts/type1/urw/times/utmr8a.pfb><
/usr/share/texmf-texlive/fonts/type1/urw/times/utmri8a.pfb>
Output written on document.pdf (21 pages, 414891 bytes).
PDF statistics:
 253 PDF objects out of 1000 (max. 8388607)
 0 named destinations out of 1000 (max. 131072)
 21 words of extra memory for PDF output out of 10000 (max. 10000000)

