This is pdfTeXk, Version 3.141592-1.40.3 (Web2C 7.5.6) (format=pdflatex 2009.11.22)  17 FEB 2010 17:16
entering extended mode
 %&-line parsing enabled.
**/home/atelierb/Specifications/FreeRTOS/bdp/Task.tex
(/home/atelierb/Specifications/FreeRTOS/bdp/Task.tex
LaTeX2e <2005/12/01>
Babel <v3.8h> and hyphenation patterns for english, usenglishmax, dumylang, noh
yphenation, portuguese, loaded.
(/usr/share/texmf-texlive/tex/latex/base/article.cls
Document Class: article 2005/09/16 v1.4f Standard LaTeX document class
(/usr/share/texmf-texlive/tex/latex/base/size11.clo
File: size11.clo 2005/09/16 v1.4f Standard LaTeX file (size option)
)
\c@part=\count79
\c@section=\count80
\c@subsection=\count81
\c@subsubsection=\count82
\c@paragraph=\count83
\c@subparagraph=\count84
\c@figure=\count85
\c@table=\count86
\abovecaptionskip=\skip41
\belowcaptionskip=\skip42
\bibindent=\dimen102
)
(/usr/share/texmf-texlive/tex/latex/supertabular/supertabular.sty
Package: supertabular 2004/02/20 v4.1e the supertabular environment
\c@tracingst=\count87
\ST@wd=\dimen103
\ST@rightskip=\skip43
\ST@leftskip=\skip44
\ST@parfillskip=\skip45
\ST@pageleft=\dimen104
\ST@headht=\dimen105
\ST@tailht=\dimen106
\ST@pagesofar=\dimen107
\ST@pboxht=\dimen108
\ST@lineht=\dimen109
\ST@stretchht=\dimen110
\ST@prevht=\dimen111
\ST@toadd=\dimen112
\ST@dimen=\dimen113
\ST@pbox=\box26
)
No file Task.aux.
\openout1 = `Task.aux'.

LaTeX Font Info:    Checking defaults for OML/cmm/m/it on input line 11.
LaTeX Font Info:    ... okay on input line 11.
LaTeX Font Info:    Checking defaults for T1/cmr/m/n on input line 11.
LaTeX Font Info:    ... okay on input line 11.
LaTeX Font Info:    Checking defaults for OT1/cmr/m/n on input line 11.
LaTeX Font Info:    ... okay on input line 11.
LaTeX Font Info:    Checking defaults for OMS/cmsy/m/n on input line 11.
LaTeX Font Info:    ... okay on input line 11.
LaTeX Font Info:    Checking defaults for OMX/cmex/m/n on input line 11.
LaTeX Font Info:    ... okay on input line 11.
LaTeX Font Info:    Checking defaults for U/cmr/m/n on input line 11.
LaTeX Font Info:    ... okay on input line 11.
\msxfam=\mathgroup4
\msyfam=\mathgroup5
LaTeX Font Info:    External font `cmex10' loaded for size
(Font)              <10.95> on input line 191.
LaTeX Font Info:    External font `cmex10' loaded for size
(Font)              <8> on input line 191.
LaTeX Font Info:    External font `cmex10' loaded for size
(Font)              <6> on input line 191.
[1

{/var/lib/texmf/fonts/map/pdftex/updmap/pdftex.map}]
LaTeX Font Info:    Try loading font information for OMS+cmr on input line 319.


(/usr/share/texmf-texlive/tex/latex/base/omscmr.fd
File: omscmr.fd 1999/05/25 v2.5h Standard LaTeX font definitions
)
LaTeX Font Info:    Font shape `OMS/cmr/m/n' in size <10.95> not available
(Font)              Font shape `OMS/cmsy/m/n' tried instead on input line 319.
 [2] [3] [4] [5] [6]
[7] (/home/atelierb/Specifications/FreeRTOS/bdp/Task.aux) ) 
Here is how much of TeX's memory you used:
 396 strings out of 95077
 4528 string characters out of 1183062
 52191 words of memory out of 1500000
 3641 multiletter control sequences out of 10000+50000
 7441 words of font info for 27 fonts, out of 1200000 for 2000
 30 hyphenation exceptions out of 8191
 21i,5n,19p,281b,238s stack positions out of 5000i,500n,6000p,200000b,5000s
</usr/share/texmf-te
xlive/fonts/type1/bluesky/cm/cmbx10.pfb></usr/share/texmf-texlive/fonts/type1/b
luesky/cm/cmr10.pfb></usr/share/texmf-texlive/fonts/type1/bluesky/cm/cmsy10.pfb
></usr/share/texmf-texlive/fonts/type1/bluesky/cm/cmti10.pfb>
Output written on /home/atelierb/Specifications/FreeRTOS/bdp/Task.pdf (7 pages,
 40756 bytes).
PDF statistics:
 42 PDF objects out of 1000 (max. 8388607)
 0 named destinations out of 1000 (max. 131072)
 1 words of extra memory for PDF output out of 10000 (max. 10000000)

