This is pdfTeXk, Version 3.141592-1.40.3 (Web2C 7.5.6) (format=latex 2009.6.10)  10 JUN 2009 14:19
entering extended mode
 %&-line parsing enabled.
**\nonstopmode\nofiles\PassOptionsToPackage{active,tightpage,auctex}{preview}\A
tBeginDocument{\ifx\ifPreview\undefined\RequirePackage[displaymath,floats,graph
ics,textmath,sections,footnotes]{preview}[2004/11/05]\fi} \input _region_.tex
(./_region_.tex  !name(principal.tex)
(/usr/share/texmf-texlive/tex/latex/base/book.cls
Document Class: book 2005/09/16 v1.4f Standard LaTeX document class
(/usr/share/texmf-texlive/tex/latex/base/bk12.clo
File: bk12.clo 2005/09/16 v1.4f Standard LaTeX file (size option)
)
\c@part=\count79
\c@chapter=\count80
\c@section=\count81
\c@subsection=\count82
\c@subsubsection=\count83
\c@paragraph=\count84
\c@subparagraph=\count85
\c@figure=\count86
\c@table=\count87
\abovecaptionskip=\skip41
\belowcaptionskip=\skip42
\bibindent=\dimen102
)
(/usr/share/texmf-texlive/tex/latex/base/inputenc.sty
Package: inputenc 2006/05/05 v1.1b Input encoding file
\inpenc@prehook=\toks14
\inpenc@posthook=\toks15

(/usr/share/texmf-texlive/tex/latex/base/latin1.def
File: latin1.def 2006/05/05 v1.1b Input encoding file
))
(/usr/share/texmf-texlive/tex/latex/ae/ae.sty
Package: ae 2001/02/12 1.3 Almost European Computer Modern

(/usr/share/texmf-texlive/tex/latex/base/fontenc.sty
Package: fontenc 2005/09/27 v1.99g Standard LaTeX package

(/usr/share/texmf-texlive/tex/latex/base/t1enc.def
File: t1enc.def 2005/09/27 v1.99g Standard LaTeX file
LaTeX Font Info:    Redeclaring font encoding T1 on input line 43.
)
LaTeX Font Info:    Try loading font information for T1+aer on input line 100.

(/usr/share/texmf-texlive/tex/latex/ae/t1aer.fd
File: t1aer.fd 1997/11/16 Font definitions for T1/aer.
)))
(/usr/share/texmf-texlive/tex/latex/pslatex/pslatex.sty
Package: pslatex 1996/07/24 v1.2 pslatex emulation (DPC)
LaTeX Font Info:    Redeclaring symbol font `operators' on input line 65.
LaTeX Font Info:    Overwriting symbol font `operators' in version `normal'
(Font)                  OT1/cmr/m/n --> OT1/ptmcm/m/n on input line 65.
LaTeX Font Info:    Overwriting symbol font `operators' in version `bold'
(Font)                  OT1/cmr/bx/n --> OT1/ptmcm/m/n on input line 65.
LaTeX Font Info:    Redeclaring symbol font `letters' on input line 66.
LaTeX Font Info:    Overwriting symbol font `letters' in version `normal'
(Font)                  OML/cmm/m/it --> OML/ptmcm/m/it on input line 66.
LaTeX Font Info:    Overwriting symbol font `letters' in version `bold'
(Font)                  OML/cmm/b/it --> OML/ptmcm/m/it on input line 66.
LaTeX Font Info:    Redeclaring symbol font `symbols' on input line 67.
LaTeX Font Info:    Overwriting symbol font `symbols' in version `normal'
(Font)                  OMS/cmsy/m/n --> OMS/pzccm/m/n on input line 67.
LaTeX Font Info:    Overwriting symbol font `symbols' in version `bold'
(Font)                  OMS/cmsy/b/n --> OMS/pzccm/m/n on input line 67.
LaTeX Font Info:    Redeclaring symbol font `largesymbols' on input line 68.
LaTeX Font Info:    Overwriting symbol font `largesymbols' in version `normal'
(Font)                  OMX/cmex/m/n --> OMX/psycm/m/n on input line 68.
LaTeX Font Info:    Overwriting symbol font `largesymbols' in version `bold'
(Font)                  OMX/cmex/m/n --> OMX/psycm/m/n on input line 68.
\symbold=\mathgroup4
\symitalic=\mathgroup5
LaTeX Font Info:    Redeclaring math alphabet \mathbf on input line 74.
LaTeX Font Info:    Overwriting math alphabet `\mathbf' in version `normal'
(Font)                  OT1/cmr/bx/n --> OT1/ptm/bx/n on input line 74.
LaTeX Font Info:    Overwriting math alphabet `\mathbf' in version `bold'
(Font)                  OT1/cmr/bx/n --> OT1/ptm/bx/n on input line 74.
LaTeX Font Info:    Redeclaring math alphabet \mathit on input line 75.
LaTeX Font Info:    Overwriting math alphabet `\mathit' in version `normal'
(Font)                  OT1/cmr/m/it --> OT1/ptm/m/it on input line 75.
LaTeX Font Info:    Overwriting math alphabet `\mathit' in version `bold'
(Font)                  OT1/cmr/bx/it --> OT1/ptm/m/it on input line 75.
)
(/usr/share/texmf-texlive/tex/generic/babel/babel.sty
Package: babel 2005/11/23 v3.8h The Babel package

(/usr/share/texmf-texlive/tex/generic/babel/portuges.ldf
Language: portuges 2005/03/31 v1.2p Portuguese support from the babel system

(/usr/share/texmf-texlive/tex/generic/babel/babel.def
File: babel.def 2005/11/23 v3.8h Babel common definitions
\babel@savecnt=\count88
\U@D=\dimen103
)
Package babel Info: Making " an active character on input line 145.
)
(/usr/share/texmf-texlive/tex/generic/babel/portuges.ldf
Language: portuges 2005/03/31 v1.2p Portuguese support from the babel system
\l@brazil = a dialect from \language\l@portuges 
))
(/usr/share/texmf-texlive/tex/latex/tools/indentfirst.sty
Package: indentfirst 1995/11/23 v1.03 Indent first paragraph (DPC)
)
(/usr/share/texmf-texlive/tex/latex/graphics/graphicx.sty
Package: graphicx 1999/02/16 v1.0f Enhanced LaTeX Graphics (DPC,SPQR)

(/usr/share/texmf-texlive/tex/latex/graphics/keyval.sty
Package: keyval 1999/03/16 v1.13 key=value parser (DPC)
\KV@toks@=\toks16
)
(/usr/share/texmf-texlive/tex/latex/graphics/graphics.sty
Package: graphics 2006/02/20 v1.0o Standard LaTeX Graphics (DPC,SPQR)

(/usr/share/texmf-texlive/tex/latex/graphics/trig.sty
Package: trig 1999/03/16 v1.09 sin cos tan (DPC)
)
(/etc/texmf/tex/latex/config/graphics.cfg
File: graphics.cfg 2007/01/18 v1.5 graphics configuration of teTeX/TeXLive
)
Package graphics Info: Driver file: dvips.def on input line 90.

(/usr/share/texmf-texlive/tex/latex/graphics/dvips.def
File: dvips.def 1999/02/16 v3.0i Driver-dependant file (DPC,SPQR)
))
\Gin@req@height=\dimen104
\Gin@req@width=\dimen105
)
(/usr/share/texmf-texlive/tex/latex/nomencl/nomencl.sty
Package: nomencl 2005/09/22 v4.2 Nomenclature package (LN)
\nomlabelwidth=\dimen106
\nom@tempdim=\dimen107
\nomitemsep=\skip43
)
(/usr/share/texmf-texlive/tex/latex/setspace/setspace.sty
Package: setspace 2000/12/01 6.7 Contributed and Supported LaTeX2e package

Package: `setspace' 6.7 <2000/12/01>
) (/usr/share/texmf-texlive/tex/latex/amsmath/amsmath.sty
Package: amsmath 2000/07/18 v2.13 AMS math features
\@mathmargin=\skip44

For additional information on amsmath, use the `?' option.
(/usr/share/texmf-texlive/tex/latex/amsmath/amstext.sty
Package: amstext 2000/06/29 v2.01

(/usr/share/texmf-texlive/tex/latex/amsmath/amsgen.sty
File: amsgen.sty 1999/11/30 v2.0
\@emptytoks=\toks17
\ex@=\dimen108
))
(/usr/share/texmf-texlive/tex/latex/amsmath/amsbsy.sty
Package: amsbsy 1999/11/29 v1.2d
\pmbraise@=\dimen109
)
(/usr/share/texmf-texlive/tex/latex/amsmath/amsopn.sty
Package: amsopn 1999/12/14 v2.01 operator names
)
\inf@bad=\count89
LaTeX Info: Redefining \frac on input line 211.
\uproot@=\count90
\leftroot@=\count91
LaTeX Info: Redefining \overline on input line 307.
\classnum@=\count92
\DOTSCASE@=\count93
LaTeX Info: Redefining \ldots on input line 379.
LaTeX Info: Redefining \dots on input line 382.
LaTeX Info: Redefining \cdots on input line 467.
\Mathstrutbox@=\box26
\strutbox@=\box27
\big@size=\dimen110
LaTeX Font Info:    Redeclaring font encoding OML on input line 567.
LaTeX Font Info:    Redeclaring font encoding OMS on input line 568.
\macc@depth=\count94
\c@MaxMatrixCols=\count95
\dotsspace@=\muskip10
\c@parentequation=\count96
\dspbrk@lvl=\count97
\tag@help=\toks18
\row@=\count98
\column@=\count99
\maxfields@=\count100
\andhelp@=\toks19
\eqnshift@=\dimen111
\alignsep@=\dimen112
\tagshift@=\dimen113
\tagwidth@=\dimen114
\totwidth@=\dimen115
\lineht@=\dimen116
\@envbody=\toks20
\multlinegap=\skip45
\multlinetaggap=\skip46
\mathdisplay@stack=\toks21
LaTeX Info: Redefining \[ on input line 2666.
LaTeX Info: Redefining \] on input line 2667.
)
(/usr/share/texmf-texlive/tex/latex/tools/verbatim.sty
Package: verbatim 2003/08/22 v1.5q LaTeX2e package for verbatim enhancements
\every@verbatim=\toks22
\verbatim@line=\toks23
\verbatim@in@stream=\read1
)
(/usr/share/texmf-texlive/tex/latex/tools/tabularx.sty
Package: tabularx 1999/01/07 v2.07 `tabularx' package (DPC)

(/usr/share/texmf-texlive/tex/latex/tools/array.sty
Package: array 2005/08/23 v2.4b Tabular extension package (FMi)
\col@sep=\dimen117
\extrarowheight=\dimen118
\NC@list=\toks24
\extratabsurround=\skip47
\backup@length=\skip48
)
\TX@col@width=\dimen119
\TX@old@table=\dimen120
\TX@old@col=\dimen121
\TX@target=\dimen122
\TX@delta=\dimen123
\TX@cols=\count101
\TX@ftn=\toks25
)
(/usr/share/texmf-texlive/tex/latex/tools/afterpage.sty
Package: afterpage 1995/10/27 v1.08 After-Page Package (DPC)
\AP@output=\toks26
\AP@partial=\box28
\AP@footins=\box29
)
(/usr/share/texmf-texlive/tex/latex/ltxmisc/url.sty
\Urlmuskip=\muskip11
Package: url 2005/06/27  ver 3.2  Verb mode for urls, etc.
) (./noitemsep.sty)
(./harvard.sty
Package: harvard 
 (/usr/share/texmf-texlive/tex/latex/base/ifthen.sty
Package: ifthen 2001/05/26 v1.1c Standard LaTeX ifthen package (DPC)
))
(/usr/share/texmf-texlive/tex/latex/graphics/color.sty
Package: color 2005/11/14 v1.0j Standard LaTeX Color (DPC)

(/etc/texmf/tex/latex/config/color.cfg
File: color.cfg 2007/01/18 v1.5 color configuration of teTeX/TeXLive
)
Package color Info: Driver file: dvips.def on input line 130.

(/usr/share/texmf-texlive/tex/latex/graphics/dvipsnam.def
File: dvipsnam.def 1999/02/16 v3.0i Driver-dependant file (DPC,SPQR)
))
(/usr/share/texmf-texlive/tex/latex/multirow/multirow.sty
\bigstrutjot=\dimen124
) (./capitulos.sty
Package: capitulos 1997/10/06 Chapter headers a la Bjarne Stroustrup
)
(./comandos.tex)
No file _region_.aux.
LaTeX Font Info:    Checking defaults for OML/cmm/m/it on input line 171.
LaTeX Font Info:    ... okay on input line 171.
LaTeX Font Info:    Checking defaults for T1/cmr/m/n on input line 171.
LaTeX Font Info:    ... okay on input line 171.
LaTeX Font Info:    Checking defaults for OT1/cmr/m/n on input line 171.
LaTeX Font Info:    ... okay on input line 171.
LaTeX Font Info:    Checking defaults for OMS/pzccm/m/n on input line 171.
LaTeX Font Info:    Try loading font information for OMS+pzccm on input line 17
1.
(/usr/share/texmf-texlive/tex/latex/psnfss/omspzccm.fd
File: omspzccm.fd 2000/01/03 Fontinst v1.801 font definitions for OMS/pzccm.
)
LaTeX Font Info:    ... okay on input line 171.
LaTeX Font Info:    Checking defaults for OMX/cmex/m/n on input line 171.
LaTeX Font Info:    ... okay on input line 171.
LaTeX Font Info:    Checking defaults for U/cmr/m/n on input line 171.
LaTeX Font Info:    ... okay on input line 171.

(/usr/share/texmf/tex/latex/preview/preview.sty
Package: preview 2006/08/25 11.84 (AUCTeX/preview-latex)

(/usr/share/texmf/tex/latex/preview/prtightpage.def
\PreviewBorder=\dimen125
)
(/usr/share/texmf/tex/latex/preview/prauctex.def
No auxiliary output files.


\hbadness=\count102
\hfuzz=\dimen126
(/usr/share/texmf/tex/latex/preview/prauctex.cfg))
(/usr/share/texmf/tex/latex/preview/prfootnotes.def)
\pr@snippet=\count103
\pr@box=\box30
\pr@output=\toks27

Preview: Fontsize 12pt
)  !name(principal.tex) !offset(-3)  (./rosto.tex
(/usr/share/texmf-texlive/tex/latex/psnfss/ot1ptmcm.fd)
(/usr/share/texmf-texlive/tex/latex/psnfss/omlptmcm.fd)
(/usr/share/texmf-texlive/tex/latex/psnfss/omxpsycm.fd)
! Preview: Snippet 1 started.
<-><->
      
l.27 \end{tabularx}
                   
Not a real error.

<UFRN.eps>
! Preview: Snippet 1 ended.(2304384+0x5594039).
<-><->
      
l.27 \end{tabularx}
                   
Not a real error.

[1]
! Preview: Snippet 2 started.
<-><->
      
l.27 \end{tabularx}
                   
Not a real error.

<PPgEE.eps>
! Preview: Snippet 2 ended.(2491029+0x3729359).
<-><->
      
l.27 \end{tabularx}
                   
Not a real error.

[2]
! Preview: Snippet 3 started.
<-><->
      
l.27 \end{tabularx}
                   
Not a real error.

File: UFRN.eps Graphic file (type eps)
<UFRN.eps>
! Preview: Snippet 3 ended.(2304384+0x5594039).
<-><->
      
l.27 \end{tabularx}
                   
Not a real error.

[3]
! Preview: Snippet 4 started.
<-><->
      
l.27 \end{tabularx}
                   
Not a real error.

File: PPgEE.eps Graphic file (type eps)
<PPgEE.eps>
! Preview: Snippet 4 ended.(2491029+0x3729359).
<-><->
      
l.27 \end{tabularx}
                   
Not a real error.

[4]
LaTeX Font Info:    Font shape `T1/ptm/bx/n' in size <20.74> not available
(Font)              Font shape `T1/ptm/b/n' tried instead on input line 37.
LaTeX Font Info:    Font shape `T1/ptm/bx/n' in size <17.28> not available
(Font)              Font shape `T1/ptm/b/n' tried instead on input line 43.
LaTeX Font Info:    Font shape `T1/ptm/bx/n' in size <12> not available
(Font)              Font shape `T1/ptm/b/n' tried instead on input line 66.
LaTeX Font Info:    Font shape `OT1/ptm/bx/n' in size <12> not available
(Font)              Font shape `OT1/ptm/b/n' tried instead on input line 66.
LaTeX Font Info:    Font shape `OT1/ptm/bx/n' in size <9> not available
(Font)              Font shape `OT1/ptm/b/n' tried instead on input line 66.
LaTeX Font Info:    Font shape `OT1/ptm/bx/n' in size <7> not available
(Font)              Font shape `OT1/ptm/b/n' tried instead on input line 66.
) (./catalograficos.tex) (./preambulo.tex
! Preview: Snippet 5 started.
<-><->
      
l.97 \chapter
             *{Agradecimentos}
Not a real error.

LaTeX Font Info:    Font shape `T1/ptm/bx/n' in size <24.88> not available
(Font)              Font shape `T1/ptm/b/n' tried instead on input line 97.
! Preview: Snippet 5 ended.(5091673+0x27970197).
<-><->
      
l.97 \chapter*{Agradecimentos}
                              
Not a real error.

[5

]) (./resumos.tex
! Preview: Snippet 6 started.
<-><->
      
l.13 \mychapterast{Resumo}
                          
Not a real error.

! Preview: Snippet 6 ended.(3829962+0x27970197).
<-><->
      
l.13 \mychapterast{Resumo}
                          
Not a real error.

[6

]
! Preview: Snippet 7 started.
<-><->
      
l.31 \mychapterast{Abstract}
                            
Not a real error.

! Preview: Snippet 7 ended.(3829962+0x27970197).
<-><->
      
l.31 \mychapterast{Abstract}
                            
Not a real error.

[7

])
! Preview: Snippet 8 started.
<-><->
      
l.214 \tableofcontents
                      
Not a real error.

! Preview: Snippet 8 ended.(3891097+0x27970197).
<-><->
      
l.214 \tableofcontents
                      
Not a real error.

[8

]
No file _region_.toc.
! Preview: Snippet 9 started.
<-><->
      
l.219 \listoffigures
                    
Not a real error.

! Preview: Snippet 9 ended.(4141401+0x27970197).
<-><->
      
l.219 \listoffigures
                    
Not a real error.

[9

]
No file _region_.lof.
! Preview: Snippet 10 started.
<-><->
      
l.224 \listoftables
                   
Not a real error.

! Preview: Snippet 10 ended.(3829962+0x27970197).
<-><->
      
l.224 \listoftables
                   
Not a real error.

[10

]
No file _region_.lot.
! Undefined control sequence.
l.236 \printglossary
                    [1.5cm]
The control sequence at the end of the top line
of your error message was never \def'ed. If you have
misspelled it (e.g., `\hobx'), type `I' and the correct
spelling (e.g., `I\hbox'). Otherwise just continue,
and I'll forget about whatever was undefined.

(./introducao/introducao.tex
! Preview: Snippet 11 started.
<-><->
      
l.11 \mychapter{Introdução}
                           
Not a real error.

Cap\'{\i }tulo 1.
! Preview: Snippet 11 ended.(7471019+0x27970197).
<-><->
      
l.11 \mychapter{Introdução}
                           
Not a real error.

[11




]
! Preview: Snippet 12 started.
<-><->
      
l.24 \section
             {Processando textos com \LaTeX}
Not a real error.

LaTeX Font Info:    Font shape `OT1/ptm/bx/n' in size <17.28> not available
(Font)              Font shape `OT1/ptm/b/n' tried instead on input line 24.
LaTeX Font Info:    Font shape `OT1/ptm/bx/n' in size <10> not available
(Font)              Font shape `OT1/ptm/b/n' tried instead on input line 24.
! Preview: Snippet 12 ended.(780261+261032x27970197).
<-><->
      
l.24 \section{Processando textos com \LaTeX}
                                            
Not a real error.

[12

]
! Preview: Snippet 13 started.
<-><->
      
l.77 \section
             {Organização do texto}
Not a real error.

! Preview: Snippet 13 ended.(780261+246868x27970197).
<-><->
      
l.77 \section{Organização do texto}
                                   
Not a real error.

[13

]
! Preview: Snippet 14 started.
<-><->
      
l.81 subseqüentes\footnote
                          {Contrariando o que muitos acreditam, o trema
Not a real error.

LaTeX Font Info:    Font shape `OT1/ptm/bx/n' in size <7.4> not available
(Font)              Font shape `OT1/ptm/b/n' tried instead on input line 84.
! Preview: Snippet 14 ended.(685360+0x327680).
<-><->
      
l.84 seqüência, freqüência e aqüífero.}
                                       .
Not a real error.

[14]

LaTeX Warning: Reference `Cap:estilo' on page 1 undefined on input line 86.


LaTeX Warning: Reference `Cap:matematica' on page 1 undefined on input line 87.



LaTeX Warning: Reference `Cap:figuras' on page 1 undefined on input line 89.


LaTeX Warning: Reference `Cap:conclusao' on page 1 undefined on input line 91.

) (./estilo/estilo.tex
! Preview: Snippet 15 started.
<-><->
      
l.5 \mychapter{Estilo}
                      
Not a real error.

Cap\'{\i }tulo 2.
! Preview: Snippet 15 ended.(7135129+0x27970197).
<-><->
      
l.5 \mychapter{Estilo}
                      
Not a real error.

[15




]
! Preview: Snippet 16 started.
<-><->
      
l.12 \section
             {Dimensões}
Not a real error.

! Preview: Snippet 16 ended.(780261+13582x27970197).
<-><->
      
l.12 \section{Dimensões}
                        
Not a real error.

[16

]
! Preview: Snippet 17 started.
<-><->
      
l.23 de páginas\footnote
                        {Uma folha corresponde a uma página em impressão em
Not a real error.

! Preview: Snippet 17 ended.(685360+0x327680).
<-><->
      
l.24 ...a duas páginas em impressão em face dupla}
                                                   dos
Not a real error.

[17]
LaTeX Font Info:    Font shape `OMS/ptm/m/n' in size <12> not available
(Font)              Font shape `OMS/pzccm/m/n' tried instead on input line 28.

! Preview: Snippet 18 started.
<-><->
      
l.63 \section
             {Divisões do documento e referências cruzadas}
Not a real error.

! Preview: Snippet 18 ended.(780261+13582x27970197).
<-><->
      
l.63 ...isões do documento e referências cruzadas}
                                                  
Not a real error.

[18

]

LaTeX Warning: Reference `Cap:introducao' on page 4 undefined on input line 101
.


LaTeX Warning: Reference `Cap:introducao' on page 4 undefined on input line 109
.

! Preview: Snippet 19 started.
<-><->
      
l.129 \section
              {Seções}
Not a real error.

! Preview: Snippet 19 ended.(780261+246868x27970197).
<-><->
      
l.129 \section{Seções}
                      
Not a real error.

[19

]
! Preview: Snippet 20 started.
<-><->
      
l.141 \subsection
                 {Subseções}
Not a real error.

LaTeX Font Info:    Font shape `T1/ptm/bx/n' in size <14.4> not available
(Font)              Font shape `T1/ptm/b/n' tried instead on input line 141.
! Preview: Snippet 20 ended.(650217+205723x27970197).
<-><->
      
l.141 \subsection{Subseções}
                            
Not a real error.

[20

]
! Preview: Snippet 21 started.
<-><->
      
l.150 \subsubsection
                    *{Subsubseções}
Not a real error.

! Preview: Snippet 21 ended.(541848+171436x27970197).
<-><->
      
l.150 \subsubsection*{Subsubseções}
                                   
Not a real error.

[21]
! Preview: Snippet 22 started.
<-><->
      
l.162 \section
              {Índices}
Not a real error.

! Preview: Snippet 22 ended.(1061109+13582x27970197).
<-><->
      
l.162 \section{Índices}
                       
Not a real error.

[22

]
! Preview: Snippet 23 started.
<-><->
      
l.168 \subsection
                 {Sumário}
Not a real error.

! Preview: Snippet 23 ended.(685600+11318x27970197).
<-><->
      
l.168 \subsection{Sumário}
                          
Not a real error.

[23

]
! Preview: Snippet 24 started.
<-><->
      
l.185 \subsection
                 {Listas de figuras e tabelas}
Not a real error.

! Preview: Snippet 24 ended.(650217+191572x27970197).
<-><->
      
l.185 \subsection{Listas de figuras e tabelas}
                                              
Not a real error.

[24

]

LaTeX Warning: Reference `Cap:figuras' on page 5 undefined on input line 191.

! Preview: Snippet 25 started.
<-><->
      
l.193 \subsection
                 {Lista de símbolos (glossário)}
Not a real error.

! Preview: Snippet 25 ended.(685600+191572x27970197).
<-><->
      
l.193 \subsection{Lista de símbolos (glossário)}
                                                
Not a real error.

[25

]
! Preview: Snippet 26 started.
<-><->
      
l.208 \begin{equation}
                      
Not a real error.

! Preview: Snippet 26 ended.(677889+0x27970197).
<-><->
      
l.211 \end{equation}
                    %
Not a real error.

[26

]
! Preview: Snippet 27 started.
<-><->
      
l.232 \section
              {Bibliografia}
Not a real error.

! Preview: Snippet 27 ended.(780261+229886x27970197).
<-><->
      
l.232 \section{Bibliografia}
                            
Not a real error.

[27

]

LaTeX Warning: Citation 'art-solimaes03' on page 6 undefined on input line 271.



LaTeX Warning: Citation 'proc-gates01' on page 6 undefined on input line 272.


LaTeX Warning: Citation 'col-pinto00' on page 6 undefined on input line 273.


LaTeX Warning: Citation 'inbook-santos00' on page 6 undefined on input line 274
.


LaTeX Warning: Citation 'proc-sbrc02' on page 6 undefined on input line 275.


LaTeX Warning: Citation 'book-lamport94' on page 6 undefined on input line 276.



LaTeX Warning: Citation 'phd-gates01' on page 6 undefined on input line 277.


LaTeX Warning: Citation 'msc-santos03' on page 6 undefined on input line 278.


LaTeX Warning: Citation 'rep-omg2000' on page 6 undefined on input line 279.


LaTeX Warning: Citation 'man-orbix99' on page 6 undefined on input line 280.


LaTeX Warning: Citation 'unp-sichman02' on page 6 undefined on input line 281.


LaTeX Warning: Citation 'hp-novet03' on page 6 undefined on input line 282.


LaTeX Warning: Citation 'misc-cruz03' on page 6 undefined on input line 284.


LaTeX Warning: Citation 'art-solimaes03' on page 6 undefined on input line 312.



LaTeX Warning: Citation 'art-solimaes03' on page 6 undefined on input line 316.



LaTeX Warning: Citation 'art-solimaes03' on page 6 undefined on input line 319.


! Preview: Snippet 28 started.
<-><->
      
l.319 ...eaffixed{art-solimaes03}{e.g. }.\footnote
                                                  {A abreviatura e.g.
Not a real error.

! Preview: Snippet 28 ended.(685360+0x327680).
<-><->
      
l.322 p.ex.}
            
Not a real error.

[28]
! Preview: Snippet 29 started.
<-><->
      
l.325 \section
              {Considerações finais}
Not a real error.

! Preview: Snippet 29 ended.(780261+246868x27970197).
<-><->
      
l.325 \section{Considerações finais}
                                    
Not a real error.

[29

]
! Preview: Snippet 30 started.
<-><->
      
l.403 ...uso excessivo de notas de rodapé\footnote
                                                  {Notas de rodapé
Not a real error.

! Preview: Snippet 30 ended.(685360+0x327680).
<-><->
      
l.404 são estas expressões no pé da página.}
                                            .
Not a real error.

[30]) (./matematica/matematica.tex
! Preview: Snippet 31 started.
<-><->
      
l.5 \mychapter{Expressões matemáticas}
                                      
Not a real error.

Cap\'{\i }tulo 3.
! Preview: Snippet 31 ended.(7446568+0x27970197).
<-><->
      
l.5 \mychapter{Expressões matemáticas}
                                      
Not a real error.

[31




]
! Preview: Snippet 32 started.
<-><->
      
l.9 simples como $
                  2^{n}$ podem ser editadas no próprio texto. Equações
Not a real error.

! Preview: Snippet 32 ended.(541737+0x720896).
<-><->
      
l.9 simples como $2^{n}$
                         podem ser editadas no próprio texto. Equações
Not a real error.

[32]
! Preview: Snippet 33 started.
<-><->
      
l.14 \begin{eqnarray}
                      \label{eq:PDF:RSR}
Not a real error.

! Preview: Snippet 33 ended.(5009807+0x27970197).
<-><->
      
l.21 \end{eqnarray}
                   
Not a real error.

[33

]
! Preview: Snippet 34 started.
<-><->
      
l.25 \begin{equation}
                      \label{eq:TrCGI}
Not a real error.

! Preview: Snippet 34 ended.(5670622+0x27970197).
<-><->
      
l.43 \end{equation}
                   
Not a real error.

[34

]

LaTeX Warning: Reference `eq:TrCGI' on page 9 undefined on input line 47.


LaTeX Warning: Reference `eq:PDF:RSR' on page 9 undefined on input line 48.

! Preview: Snippet 35 started.
<-><->
      
l.70 Pequenas expressões matemáticas como $
                                           x_0^2$ podem ser inseridas
Not a real error.

! Preview: Snippet 35 ended.(680054+244057x679202).
<-><->
      
l.70 Pequenas expressões matemáticas como $x_0^2$
                                                  podem ser inseridas
Not a real error.

[35]
! Preview: Snippet 36 started.
<-><->
      
l.80 $
      \left[\begin{array}{cc} 1 & \frac{2}{x+1} \\ -2 &
Not a real error.

! Preview: Snippet 36 ended.(1350572+790437x5103960).
<-><->
      
l.81 1\end{array}\right]^{-1}$
                              , porque o espaçamento entre as linhas fica
Not a real error.

[36]
! Preview: Snippet 37 started.
<-><->
      
l.85 \[
       
Not a real error.

! Preview: Snippet 37 ended.(2358500+0x24750144).
<-><->
      
l.99 \]
       
Not a real error.

[37]
! Preview: Snippet 38 started.
<-><->
      
l.103 exemplo, a expressão $
                            \sin(\omega t+\phi)$ está correta, enquanto que
Not a real error.

! Preview: Snippet 38 ended.(589824+196608x3559151).
<-><->
      
l.103 exemplo, a expressão $\sin(\omega t+\phi)$
                                                 está correta, enquanto que
Not a real error.

[38]
! Preview: Snippet 39 started.
<-><->
      
l.104 a expressão $
                   sin(\omega t+\phi)$ é interpretada pelo \LaTeX como sendo
Not a real error.

! Preview: Snippet 39 ended.(589824+196608x3559151).
<-><->
      
l.104 a expressão $sin(\omega t+\phi)$
                                       é interpretada pelo \LaTeX como sendo
Not a real error.

[39]
! Preview: Snippet 40 started.
<-><->
      
l.105 o produto das variáveis $
                               s$, $i$ e $n$ pela expressão entre
Not a real error.

! Preview: Snippet 40 ended.(347596+8644x305914).
<-><->
      
l.105 o produto das variáveis $s$
                                 , $i$ e $n$ pela expressão entre
Not a real error.

[40]
! Preview: Snippet 41 started.
<-><->
      
l.105 o produto das variáveis $s$, $
                                    i$ e $n$ pela expressão entre
Not a real error.

! Preview: Snippet 41 ended.(510389+8644x218620).
<-><->
      
l.105 o produto das variáveis $s$, $i$
                                       e $n$ pela expressão entre
Not a real error.

[41]
! Preview: Snippet 42 started.
<-><->
      
l.105 o produto das variáveis $s$, $i$ e $
                                          n$ pela expressão entre
Not a real error.

! Preview: Snippet 42 ended.(341697+8644x393216).
<-><->
      
l.105 o produto das variáveis $s$, $i$ e $n$
                                             pela expressão entre
Not a real error.

[42]
! Preview: Snippet 43 started.
<-><->
      
l.112 \[
        
Not a real error.

! Preview: Snippet 43 ended.(786432+0x18695730).
<-><->
      
l.114 \]
        
Not a real error.

[43]
! Preview: Snippet 44 started.
<-><->
      
l.127 \begin{xalignat*}{3}
                          
Not a real error.

! Preview: Snippet 44 ended.(2272829+0x21960779).
<-><->
      
l.130 \end{xalignat*}
                     
Not a real error.

[44]
! Preview: Snippet 45 started.
<-><->
      
l.132 \section
              {Equações}
Not a real error.

! Preview: Snippet 45 ended.(780261+246868x27970197).
<-><->
      
l.132 \section{Equações}
                        
Not a real error.

[45

]
! Preview: Snippet 46 started.
<-><->
      
l.144 \begin{equation}
                      
Not a real error.

! Preview: Snippet 46 ended.(2098464+0x27970197).
<-><->
      
l.149 \end{equation}
                    
Not a real error.

[46

]

LaTeX Warning: Reference `Eq:Taylor' on page 9 undefined on input line 154.

! Preview: Snippet 47 started.
<-><->
      
l.159 \begin{equation}
                      
Not a real error.

! Preview: Snippet 47 ended.(3420963+0x27970197).
<-><->
      
l.168 \end{equation}
                    
Not a real error.

[47]
! Preview: Snippet 48 started.
<-><->
      
l.170 \section
              {Expressões multilinhas}
Not a real error.

! Preview: Snippet 48 ended.(780261+229886x27970197).
<-><->
      
l.170 \section{Expressões multilinhas}
                                      
Not a real error.

[48

]

LaTeX Warning: Reference `Tab:multilinhas' on page 9 undefined on input line 17
6.

! Preview: Snippet 49 started.
<-><->
      
l.180 \begin{table}
                   [htbp]
Not a real error.

\LL=\skip49
! Preview: Snippet 49 ended.(9957123+0x27970197).
<-><->
      
l.200 \end{table}
                 
Not a real error.

[49


]

LaTeX Warning: Reference `Tab:exemplomultilinhas' on page 9 undefined on input 
line 208.

! Preview: Snippet 50 started.
<-><->
      
l.214 \begin{table}
                   [htbp] \begin{center}
Not a real error.

! Preview: Snippet 50 ended.(4579905+0x27970197).
<-><->
      
l.249 \end{center}\end{table}
                             
Not a real error.

[50


]

LaTeX Warning: Reference `Tab:multilinhas' on page 10 undefined on input line 2
51.


LaTeX Warning: Reference `Tab:submultilinhas' on page 10 undefined on input lin
e 256.

LaTeX Font Info:    Font shape `T1/ptm/bx/n' in size <10> not available
(Font)              Font shape `T1/ptm/b/n' tried instead on input line 273.

LaTeX Warning: Reference `Cap:figuras' on page 10 undefined on input line 273.

! Preview: Snippet 51 started.
<-><->
      
l.275 \begin{table}
                   [htbp]
Not a real error.

! Preview: Snippet 51 ended.(6156039+0x27970197).
<-><->
      
l.293 \end{table}
                 
Not a real error.

[51


]

LaTeX Warning: Reference `Eq:alinhamento' on page 10 undefined on input line 29
5.

! Preview: Snippet 52 started.
<-><->
      
l.302 \begin{alignat}{3}
                        
Not a real error.

! Preview: Snippet 52 ended.(4979144+0x27970197).
<-><->
      
l.335 \end{alignat}
                   
Not a real error.

[52

]) (./figuras/figuras.tex
! Preview: Snippet 53 started.
<-><->
      
l.5 \mychapter{Figuras, tabelas e gráficos}
                                           
Not a real error.

Cap\'{\i }tulo 4.
! Preview: Snippet 53 ended.(7446568+0x27970197).
<-><->
      
l.5 \mychapter{Figuras, tabelas e gráficos}
                                           
Not a real error.

[53




]
! Preview: Snippet 54 started.
<-><->
      
l.31 \section
             {Elementos flutuantes}
Not a real error.

! Preview: Snippet 54 ended.(780261+13582x27970197).
<-><->
      
l.31 \section{Elementos flutuantes}
                                   
Not a real error.

[54

]

LaTeX Warning: Reference `Fig:textoflutuante' on page 11 undefined on input lin
e 54.


LaTeX Warning: Reference `Tab:equacaoflutuante' on page 11 undefined on input l
ine 56.


LaTeX Warning: Reference `Tab:equacaoflutuante2' on page 11 undefined on input 
line 56.


LaTeX Warning: Reference `Tab:submultilinhas' on page 11 undefined on input lin
e 58.


LaTeX Warning: Reference `Tab:submultilinhas' on page 11 undefined on input lin
e 59.

! Preview: Snippet 55 started.
<-><->
      
l.65 \begin{figure}
                   [tbp]
Not a real error.

! Preview: Snippet 55 ended.(8111230+0x27970197).
<-><->
      
l.99 \end{figure}
                 
Not a real error.

[55


]
! Preview: Snippet 56 started.
<-><->
      
l.101 \begin{table}
                   [bp]
Not a real error.


LaTeX Warning: Reference `Tab:equacaoflutuante' on page 11 undefined on input l
ine 119.

! Preview: Snippet 56 ended.(4952669+0x26768209).
<-><->
      
l.122 \end{table}
                 
Not a real error.

[56




]

LaTeX Warning: Reference `Tab:equacaoflutuante' on page 11 undefined on input l
ine 127.


LaTeX Warning: Reference `Tab:equacaoflutuante2' on page 11 undefined on input 
line 128.


LaTeX Warning: Reference `Fig:textoflutuante' on page 11 undefined on input lin
e 131.


LaTeX Warning: Reference `Tab:equacaoflutuante' on page 11 undefined on input l
ine 132.


LaTeX Warning: Reference `Tab:equacaoflutuante2' on page 11 undefined on input 
line 132.

! Preview: Snippet 57 started.
<-><->
      
l.136 \subsection
                 {Posicionamento dos elementos flutuantes}
Not a real error.

! Preview: Snippet 57 ended.(650217+11318x27970197).
<-><->
      
l.136 ...{Posicionamento dos elementos flutuantes}
                                                  
Not a real error.

[57

]
! Preview: Snippet 58 started.
<-><->
      
l.160 \section
              {Tabelas em \LaTeX}
Not a real error.

! Preview: Snippet 58 ended.(780261+261032x27970197).
<-><->
      
l.160 \section{Tabelas em \LaTeX}
                                 
Not a real error.

[58

]

LaTeX Warning: Reference `Tab:multilinhas' on page 12 undefined on input line 1
84.


LaTeX Warning: Reference `Tab:submultilinhas' on page 12 undefined on input lin
e 184.


LaTeX Warning: Reference `Tab:multilinhas' on page 12 undefined on input line 1
85.


LaTeX Warning: Reference `Tab:multilinhas' on page 12 undefined on input line 1
91.


LaTeX Warning: Reference `Tab:submultilinhas' on page 12 undefined on input lin
e 191.


LaTeX Warning: Reference `Tab:larguracolunas' on page 12 undefined on input lin
e 198.

! Preview: Snippet 59 started.
<-><->
      
l.200 \begin{table}
                   [htbp]
Not a real error.

! Preview: Snippet 59 ended.(12167431+0x27970197).
<-><->
      
l.222 \end{table}
                 
Not a real error.

[59


]
! Preview: Snippet 60 started.
<-><->
      
l.224 \section
              {Figuras em \LaTeX}
Not a real error.

! Preview: Snippet 60 ended.(780261+261032x27970197).
<-><->
      
l.224 \section{Figuras em \LaTeX}
                                 
Not a real error.

[60

]
! Preview: Snippet 61 started.
<-><->
      
l.232 fixa no texto (como aqui: \includegraphics
                                                {figuras/eu}).
Not a real error.

File: figuras/eu.eps Graphic file (type eps)
<figuras/eu.eps>
! Preview: Snippet 61 ended.(2368143+0x1841889).
<-><->
      
l.232 ... (como aqui: \includegraphics{figuras/eu}
                                                  ).
Not a real error.

[61]
! Preview: Snippet 62 started.
<-><->
      
l.272 \subsection
                 {Imagens e fotos}
Not a real error.

! Preview: Snippet 62 ended.(650217+191572x27970197).
<-><->
      
l.272 \subsection{Imagens e fotos}
                                  
Not a real error.

[62

]

LaTeX Warning: Reference `Fig:belmonte' on page 13 undefined on input line 291.


! Preview: Snippet 63 started.
<-><->
      
l.294 \begin{figure}
                    [htbp!] \begin{center}
Not a real error.

File: figuras/belmonte.eps Graphic file (type eps)
<figuras/belmonte.eps>
! Preview: Snippet 63 ended.(12864496+0x27970197).
<-><->
      
l.299 \end{center} \end{figure}
                               
Not a real error.

[63


]
! Preview: Snippet 64 started.
<-><->
      
l.301 \subsection
                 {Figuras sintéticas}
Not a real error.

! Preview: Snippet 64 ended.(685600+191572x27970197).
<-><->
      
l.301 \subsection{Figuras sintéticas}
                                     
Not a real error.

[64

]

LaTeX Warning: Reference `Fig:bigvetorial' on page 14 undefined on input line 3
22.


LaTeX Warning: Reference `Fig:bigbitmap' on page 14 undefined on input line 322
.


LaTeX Warning: Reference `Fig:bigvetorialreduzida' on page 14 undefined on inpu
t line 324.


LaTeX Warning: Reference `Fig:bigbitmapreduzida' on page 14 undefined on input 
line 325.


LaTeX Warning: Reference `Fig:smallvetorial' on page 14 undefined on input line
 327.


LaTeX Warning: Reference `Fig:smallbitmap' on page 14 undefined on input line 3
28.


LaTeX Warning: Reference `Fig:smallvetorialampliada' on page 14 undefined on in
put line 330.


LaTeX Warning: Reference `Fig:smallbitmapampliada' on page 14 undefined on inpu
t line 330.

! Preview: Snippet 65 started.
<-><->
      
l.335 \begin{figure}
                    [htbp!] \begin{center}
Not a real error.

File: figuras/bigvetorial.eps Graphic file (type eps)
<figuras/bigvetorial.eps>
File: figuras/bigbitmap.eps Graphic file (type eps)
 <figuras/bigbitmap.eps>
File: figuras/bigvetorial.eps Graphic file (type eps)
 <figuras/bigvetorial.eps>
File: figuras/bigbitmap.eps Graphic file (type eps)

<figuras/bigbitmap.eps>
! Preview: Snippet 65 ended.(30588451+0x27970197).
<-><->
      
l.351 \end{center} \end{figure}
                               
Not a real error.

[65








]
! Preview: Snippet 66 started.
<-><->
      
l.353 \begin{figure}
                    [htbp!] \begin{center}
Not a real error.

File: figuras/smallvetorial.eps Graphic file (type eps)
<figuras/smallvetorial.eps>
File: figuras/smallbitmap.eps Graphic file (type eps)
 <figuras/smallbitmap.eps>
File: figuras/smallvetorial.eps Graphic file (type eps)

<figuras/smallvetorial.eps>
File: figuras/smallbitmap.eps Graphic file (type eps)
 <figuras/smallbitmap.eps>
! Preview: Snippet 66 ended.(31421077+0x27970197).
<-><->
      
l.369 \end{center} \end{figure}
                               
Not a real error.

[66








]
! Preview: Snippet 67 started.
<-><->
      
l.378 \section
              {Ferramentas para desenhos e esquemas}
Not a real error.

! Preview: Snippet 67 ended.(780261+229886x27970197).
<-><->
      
l.378 ...ion{Ferramentas para desenhos e esquemas}
                                                  
Not a real error.

[67

]

LaTeX Warning: Reference `Fig:bigvetorial' on page 14 undefined on input line 3
85.


LaTeX Warning: Reference `Fig:smallbitmapampliada' on page 14 undefined on inpu
t line 385.


LaTeX Warning: Reference `Fig:circulo' on page 14 undefined on input line 399.

! Preview: Snippet 68 started.
<-><->
      
l.401 \begin{figure}
                    [htb] \begin{center}
Not a real error.

File: figuras/circulo.eps Graphic file (type eps)
<figuras/circulo.eps>
! Preview: Snippet 68 ended.(6314829+0x27970197).
<-><->
      
l.405 \end{center} \end{figure}
                               
Not a real error.

[68


]

LaTeX Warning: Reference `Fig:pensador' on page 14 undefined on input line 412.


! Preview: Snippet 69 started.
<-><->
      
l.414 \begin{figure}
                    [htb] \begin{center}
Not a real error.

File: figuras/pensador.eps Graphic file (type eps)
<figuras/pensador.eps>
! Preview: Snippet 69 ended.(11577370+0x27970197).
<-><->
      
l.418 \end{center} \end{figure}
                               
Not a real error.

[69


]

LaTeX Warning: Reference `Fig:combinado' on page 14 undefined on input line 425
.

! Preview: Snippet 70 started.
<-><->
      
l.432 \begin{figure}
                    [htb] \begin{center}
Not a real error.

(./figuras/combinado.pstex_t
File: figuras/combinado.pstex Graphic file (type eps)
 <figuras/combinado.pstex>
LaTeX Font Info:    Font shape `T1/phv/m/n' will be
(Font)              scaled to size 8.99994pt on input line 14.
)
! Preview: Snippet 70 ended.(6357555+0x27970197).
<-><->
      
l.437 \end{center} \end{figure}
                               
Not a real error.

[70


]
! Preview: Snippet 71 started.
<-><->
      
l.439 \section
              {Ferramentas para gráficos}
Not a real error.

! Preview: Snippet 71 ended.(822721+229886x27970197).
<-><->
      
l.439 \section{Ferramentas para gráficos}
                                         
Not a real error.

[71

]

LaTeX Warning: Reference `fig:grafico' on page 15 undefined on input line 450.

! Preview: Snippet 72 started.
<-><->
      
l.455 \begin{figure}
                    [htbp]
Not a real error.

File: figuras/grafico.eps Graphic file (type eps)
<figuras/grafico.eps>
! Preview: Snippet 72 ended.(10064389+0x27970197).
<-><->
      
l.460 \end{figure}
                  
Not a real error.

[72


]
! Preview: Snippet 73 started.
<-><->
      
l.462 \section
              {Conclusões}
Not a real error.

! Preview: Snippet 73 ended.(780261+13582x27970197).
<-><->
      
l.462 \section{Conclusões}
                          
Not a real error.

[73

]) (./conclusao/conclusao.tex
! Preview: Snippet 74 started.
<-><->
      
l.5 \mychapter{Conclusões}
                          
Not a real error.

Cap\'{\i }tulo 5.
! Preview: Snippet 74 ended.(8085401+0x27970197).
<-><->
      
l.5 \mychapter{Conclusões}
                          
Not a real error.

[74




]
! Preview: Snippet 75 started.
<-><->
      
l.19 \section
             {Encadernação}
Not a real error.

! Preview: Snippet 75 ended.(780261+246868x27970197).
<-><->
      
l.19 \section{Encadernação}
                           
Not a real error.

[75

]
! Preview: Snippet 76 started.
<-><->
      
l.47 \section
             {Para saber mais}
Not a real error.

! Preview: Snippet 76 ended.(780261+13582x27970197).
<-><->
      
l.47 \section{Para saber mais}
                              
Not a real error.

[76

]

LaTeX Warning: Citation 'LATEX04' on page 16 undefined on input line 52.

)
No file _region_.bbl.
(./apendice/apendice.tex
! Preview: Snippet 77 started.
<-><->
      
l.5 \mychapter{Informações adicionais}
                                      
Not a real error.

Ap\^endice A.
! Preview: Snippet 77 ended.(7409884+0x27970197).
<-><->
      
l.5 \mychapter{Informações adicionais}
                                      
Not a real error.

[77




])

LaTeX Warning: There were undefined references.

 ) 
Here is how much of TeX's memory you used:
 3071 strings out of 94102
 38647 string characters out of 1165833
 90801 words of memory out of 1500000
 6211 multiletter control sequences out of 10000+50000
 72047 words of font info for 108 fonts, out of 1200000 for 2000
 637 hyphenation exceptions out of 8191
 31i,19n,26p,449b,459s stack positions out of 5000i,500n,6000p,200000b,5000s

Output written on _region_.dvi (77 pages, 27132 bytes).
