This is pdfTeXk, Version 3.141592-1.40.3 (Web2C 7.5.6) (format=pdflatex 2010.5.8)  10 AUG 2010 15:58
entering extended mode
 Source specials enabled.
 %&-line parsing enabled.
**principal.tex
(./principal.tex
LaTeX2e <2005/12/01>
Babel <v3.8h> and hyphenation patterns for english, usenglishmax, dumylang, noh
yphenation, portuguese, loaded.
(/usr/share/texmf-texlive/tex/latex/base/book.cls
Document Class: book 2005/09/16 v1.4f Standard LaTeX document class
(/usr/share/texmf-texlive/tex/latex/base/bk12.clo
File: bk12.clo 2005/09/16 v1.4f Standard LaTeX file (size option)
)
\c@part=\count79
\c@chapter=\count80
\c@section=\count81
\c@subsection=\count82
\c@subsubsection=\count83
\c@paragraph=\count84
\c@subparagraph=\count85
\c@figure=\count86
\c@table=\count87
\abovecaptionskip=\skip41
\belowcaptionskip=\skip42
\bibindent=\dimen102
)
(/usr/share/texmf-texlive/tex/latex/base/inputenc.sty
Package: inputenc 2006/05/05 v1.1b Input encoding file
\inpenc@prehook=\toks14
\inpenc@posthook=\toks15

(/usr/share/texmf-texlive/tex/latex/base/latin1.def
File: latin1.def 2006/05/05 v1.1b Input encoding file
))
(/usr/share/texmf-texlive/tex/latex/ae/ae.sty
Package: ae 2001/02/12 1.3 Almost European Computer Modern

(/usr/share/texmf-texlive/tex/latex/base/fontenc.sty
Package: fontenc 2005/09/27 v1.99g Standard LaTeX package

(/usr/share/texmf-texlive/tex/latex/base/t1enc.def
File: t1enc.def 2005/09/27 v1.99g Standard LaTeX file
LaTeX Font Info:    Redeclaring font encoding T1 on input line 43.
)
LaTeX Font Info:    Try loading font information for T1+aer on input line 100.

(/usr/share/texmf-texlive/tex/latex/ae/t1aer.fd
File: t1aer.fd 1997/11/16 Font definitions for T1/aer.
)))
(/usr/share/texmf-texlive/tex/latex/pslatex/pslatex.sty
Package: pslatex 1996/07/24 v1.2 pslatex emulation (DPC)
LaTeX Font Info:    Redeclaring symbol font `operators' on input line 65.
LaTeX Font Info:    Overwriting symbol font `operators' in version `normal'
(Font)                  OT1/cmr/m/n --> OT1/ptmcm/m/n on input line 65.
LaTeX Font Info:    Overwriting symbol font `operators' in version `bold'
(Font)                  OT1/cmr/bx/n --> OT1/ptmcm/m/n on input line 65.
LaTeX Font Info:    Redeclaring symbol font `letters' on input line 66.
LaTeX Font Info:    Overwriting symbol font `letters' in version `normal'
(Font)                  OML/cmm/m/it --> OML/ptmcm/m/it on input line 66.
LaTeX Font Info:    Overwriting symbol font `letters' in version `bold'
(Font)                  OML/cmm/b/it --> OML/ptmcm/m/it on input line 66.
LaTeX Font Info:    Redeclaring symbol font `symbols' on input line 67.
LaTeX Font Info:    Overwriting symbol font `symbols' in version `normal'
(Font)                  OMS/cmsy/m/n --> OMS/pzccm/m/n on input line 67.
LaTeX Font Info:    Overwriting symbol font `symbols' in version `bold'
(Font)                  OMS/cmsy/b/n --> OMS/pzccm/m/n on input line 67.
LaTeX Font Info:    Redeclaring symbol font `largesymbols' on input line 68.
LaTeX Font Info:    Overwriting symbol font `largesymbols' in version `normal'
(Font)                  OMX/cmex/m/n --> OMX/psycm/m/n on input line 68.
LaTeX Font Info:    Overwriting symbol font `largesymbols' in version `bold'
(Font)                  OMX/cmex/m/n --> OMX/psycm/m/n on input line 68.
\symbold=\mathgroup4
\symitalic=\mathgroup5
LaTeX Font Info:    Redeclaring math alphabet \mathbf on input line 74.
LaTeX Font Info:    Overwriting math alphabet `\mathbf' in version `normal'
(Font)                  OT1/cmr/bx/n --> OT1/ptm/bx/n on input line 74.
LaTeX Font Info:    Overwriting math alphabet `\mathbf' in version `bold'
(Font)                  OT1/cmr/bx/n --> OT1/ptm/bx/n on input line 74.
LaTeX Font Info:    Redeclaring math alphabet \mathit on input line 75.
LaTeX Font Info:    Overwriting math alphabet `\mathit' in version `normal'
(Font)                  OT1/cmr/m/it --> OT1/ptm/m/it on input line 75.
LaTeX Font Info:    Overwriting math alphabet `\mathit' in version `bold'
(Font)                  OT1/cmr/bx/it --> OT1/ptm/m/it on input line 75.
)
(/usr/share/texmf-texlive/tex/generic/babel/babel.sty
Package: babel 2005/11/23 v3.8h The Babel package

(/usr/share/texmf-texlive/tex/generic/babel/portuges.ldf
Language: portuges 2005/03/31 v1.2p Portuguese support from the babel system

(/usr/share/texmf-texlive/tex/generic/babel/babel.def
File: babel.def 2005/11/23 v3.8h Babel common definitions
\babel@savecnt=\count88
\U@D=\dimen103
)
Package babel Info: Making " an active character on input line 145.
)
(/usr/share/texmf-texlive/tex/generic/babel/portuges.ldf
Language: portuges 2005/03/31 v1.2p Portuguese support from the babel system
\l@brazil = a dialect from \language\l@portuges 
))
(/usr/share/texmf-texlive/tex/latex/tools/indentfirst.sty
Package: indentfirst 1995/11/23 v1.03 Indent first paragraph (DPC)
)
(/usr/share/texmf-texlive/tex/latex/graphics/graphicx.sty
Package: graphicx 1999/02/16 v1.0f Enhanced LaTeX Graphics (DPC,SPQR)

(/usr/share/texmf-texlive/tex/latex/graphics/keyval.sty
Package: keyval 1999/03/16 v1.13 key=value parser (DPC)
\KV@toks@=\toks16
)
(/usr/share/texmf-texlive/tex/latex/graphics/graphics.sty
Package: graphics 2006/02/20 v1.0o Standard LaTeX Graphics (DPC,SPQR)

(/usr/share/texmf-texlive/tex/latex/graphics/trig.sty
Package: trig 1999/03/16 v1.09 sin cos tan (DPC)
)
(/etc/texmf/tex/latex/config/graphics.cfg
File: graphics.cfg 2007/01/18 v1.5 graphics configuration of teTeX/TeXLive
)
Package graphics Info: Driver file: pdftex.def on input line 90.

(/usr/share/texmf-texlive/tex/latex/pdftex-def/pdftex.def
File: pdftex.def 2007/01/08 v0.04d Graphics/color for pdfTeX
\Gread@gobject=\count89
))
\Gin@req@height=\dimen104
\Gin@req@width=\dimen105
)
(/usr/share/texmf-texlive/tex/latex/nomencl/nomencl.sty
Package: nomencl 2005/09/22 v4.2 Nomenclature package (LN)
\nomlabelwidth=\dimen106
\nom@tempdim=\dimen107
\nomitemsep=\skip43
)
(/usr/share/texmf-texlive/tex/latex/setspace/setspace.sty
Package: setspace 2000/12/01 6.7 Contributed and Supported LaTeX2e package

Package: `setspace' 6.7 <2000/12/01>
) (/usr/share/texmf-texlive/tex/latex/amsmath/amsmath.sty
Package: amsmath 2000/07/18 v2.13 AMS math features
\@mathmargin=\skip44

For additional information on amsmath, use the `?' option.
(/usr/share/texmf-texlive/tex/latex/amsmath/amstext.sty
Package: amstext 2000/06/29 v2.01

(/usr/share/texmf-texlive/tex/latex/amsmath/amsgen.sty
File: amsgen.sty 1999/11/30 v2.0
\@emptytoks=\toks17
\ex@=\dimen108
))
(/usr/share/texmf-texlive/tex/latex/amsmath/amsbsy.sty
Package: amsbsy 1999/11/29 v1.2d
\pmbraise@=\dimen109
)
(/usr/share/texmf-texlive/tex/latex/amsmath/amsopn.sty
Package: amsopn 1999/12/14 v2.01 operator names
)
\inf@bad=\count90
LaTeX Info: Redefining \frac on input line 211.
\uproot@=\count91
\leftroot@=\count92
LaTeX Info: Redefining \overline on input line 307.
\classnum@=\count93
\DOTSCASE@=\count94
LaTeX Info: Redefining \ldots on input line 379.
LaTeX Info: Redefining \dots on input line 382.
LaTeX Info: Redefining \cdots on input line 467.
\Mathstrutbox@=\box26
\strutbox@=\box27
\big@size=\dimen110
LaTeX Font Info:    Redeclaring font encoding OML on input line 567.
LaTeX Font Info:    Redeclaring font encoding OMS on input line 568.
\macc@depth=\count95
\c@MaxMatrixCols=\count96
\dotsspace@=\muskip10
\c@parentequation=\count97
\dspbrk@lvl=\count98
\tag@help=\toks18
\row@=\count99
\column@=\count100
\maxfields@=\count101
\andhelp@=\toks19
\eqnshift@=\dimen111
\alignsep@=\dimen112
\tagshift@=\dimen113
\tagwidth@=\dimen114
\totwidth@=\dimen115
\lineht@=\dimen116
\@envbody=\toks20
\multlinegap=\skip45
\multlinetaggap=\skip46
\mathdisplay@stack=\toks21
LaTeX Info: Redefining \[ on input line 2666.
LaTeX Info: Redefining \] on input line 2667.
)
(/usr/share/texmf-texlive/tex/latex/tools/verbatim.sty
Package: verbatim 2003/08/22 v1.5q LaTeX2e package for verbatim enhancements
\every@verbatim=\toks22
\verbatim@line=\toks23
\verbatim@in@stream=\read1
)
(/usr/share/texmf-texlive/tex/latex/tools/tabularx.sty
Package: tabularx 1999/01/07 v2.07 `tabularx' package (DPC)

(/usr/share/texmf-texlive/tex/latex/tools/array.sty
Package: array 2005/08/23 v2.4b Tabular extension package (FMi)
\col@sep=\dimen117
\extrarowheight=\dimen118
\NC@list=\toks24
\extratabsurround=\skip47
\backup@length=\skip48
)
\TX@col@width=\dimen119
\TX@old@table=\dimen120
\TX@old@col=\dimen121
\TX@target=\dimen122
\TX@delta=\dimen123
\TX@cols=\count102
\TX@ftn=\toks25
)
(/usr/share/texmf-texlive/tex/latex/tools/afterpage.sty
Package: afterpage 1995/10/27 v1.08 After-Page Package (DPC)
\AP@output=\toks26
\AP@partial=\box28
\AP@footins=\box29
)
(/usr/share/texmf-texlive/tex/latex/tools/multicol.sty
Package: multicol 2006/05/18 v1.6g multicolumn formatting (FMi)
\c@tracingmulticols=\count103
\mult@box=\box30
\multicol@leftmargin=\dimen124
\c@unbalance=\count104
\c@collectmore=\count105
\doublecol@number=\count106
\multicoltolerance=\count107
\multicolpretolerance=\count108
\full@width=\dimen125
\page@free=\dimen126
\premulticols=\dimen127
\postmulticols=\dimen128
\multicolsep=\skip49
\multicolbaselineskip=\skip50
\partial@page=\box31
\last@line=\box32
\mult@rightbox=\box33
\mult@grightbox=\box34
\mult@gfirstbox=\box35
\mult@firstbox=\box36
\@tempa=\box37
\@tempa=\box38
\@tempa=\box39
\@tempa=\box40
\@tempa=\box41
\@tempa=\box42
\@tempa=\box43
\@tempa=\box44
\@tempa=\box45
\@tempa=\box46
\@tempa=\box47
\@tempa=\box48
\@tempa=\box49
\@tempa=\box50
\@tempa=\box51
\@tempa=\box52
\@tempa=\box53
\c@columnbadness=\count109
\c@finalcolumnbadness=\count110
\last@try=\dimen129
\multicolovershoot=\dimen130
\multicolundershoot=\dimen131
\mult@nat@firstbox=\box54
\colbreak@box=\box55
)
(/usr/share/texmf-texlive/tex/latex/psnfss/palatino.sty
Package: palatino 2005/04/12 PSNFSS-v9.2a (SPQR) 
)
(/usr/share/texmf-texlive/tex/latex/ltxmisc/url.sty
\Urlmuskip=\muskip11
Package: url 2005/06/27  ver 3.2  Verb mode for urls, etc.
) (./noitemsep.sty)
(./harvard.sty
Package: harvard 
 (/usr/share/texmf-texlive/tex/latex/base/ifthen.sty
Package: ifthen 2001/05/26 v1.1c Standard LaTeX ifthen package (DPC)
))
(/usr/share/texmf-texlive/tex/latex/graphics/color.sty
Package: color 2005/11/14 v1.0j Standard LaTeX Color (DPC)

(/etc/texmf/tex/latex/config/color.cfg
File: color.cfg 2007/01/18 v1.5 color configuration of teTeX/TeXLive
)
Package color Info: Driver file: pdftex.def on input line 130.
)
(/usr/share/texmf-texlive/tex/latex/multirow/multirow.sty
\bigstrutjot=\dimen132
) (./capitulos.sty
Package: capitulos 1997/10/06 Chapter headers a la Bjarne Stroustrup
)
(./comandos.tex) (./commands.tex

! LaTeX Error: Command \max already defined.
               Or name \end... illegal, see p.192 of the manual.

See the LaTeX manual or LaTeX Companion for explanation.
Type  H <return>  for immediate help.
 ...                                              
                                                  
l.45 \DeclareMathOperator{\max}{\mathbf{max}}
                                             
Your command was ignored.
Type  I <command> <return>  to replace it with another command,
or  <return>  to continue without it.


! LaTeX Error: Command \min already defined.
               Or name \end... illegal, see p.192 of the manual.

See the LaTeX manual or LaTeX Companion for explanation.
Type  H <return>  for immediate help.
 ...                                              
                                                  
l.46 \DeclareMathOperator{\min}{\mathbf{min}}
                                             
Your command was ignored.
Type  I <command> <return>  to replace it with another command,
or  <return>  to continue without it.

) (./symbols.tex)
\@nomenclaturefile=\write3
\openout3 = `principal.glo'.


Writing nomenclature file principal.glo
(./principal.aux (./rosto.aux) (./catalograficos.aux) (./preambulo.aux)
(./resumos.aux) (./introducao/introducao.aux) (./trabalhos/trabalhos.aux)
(./freertos/freertos.aux) (./metodob/metodob.aux) (./escopo/escopo.aux)
(./modelagem_inicial/modelagem_inicial.aux)
(./modelagem_atual/modelagem_atual.aux)
(./consideracoes_finais/consideracoes_finais.aux))
\openout1 = `principal.aux'.

LaTeX Font Info:    Checking defaults for OML/cmm/m/it on input line 181.
LaTeX Font Info:    ... okay on input line 181.
LaTeX Font Info:    Checking defaults for T1/cmr/m/n on input line 181.
LaTeX Font Info:    ... okay on input line 181.
LaTeX Font Info:    Checking defaults for OT1/cmr/m/n on input line 181.
LaTeX Font Info:    ... okay on input line 181.
LaTeX Font Info:    Checking defaults for OMS/pzccm/m/n on input line 181.
LaTeX Font Info:    Try loading font information for OMS+pzccm on input line 18
1.

(/usr/share/texmf-texlive/tex/latex/psnfss/omspzccm.fd
File: omspzccm.fd 2000/01/03 Fontinst v1.801 font definitions for OMS/pzccm.
)
LaTeX Font Info:    ... okay on input line 181.
LaTeX Font Info:    Checking defaults for OMX/cmex/m/n on input line 181.
LaTeX Font Info:    ... okay on input line 181.
LaTeX Font Info:    Checking defaults for U/cmr/m/n on input line 181.
LaTeX Font Info:    ... okay on input line 181.
LaTeX Font Info:    Try loading font information for T1+ppl on input line 181.

(/usr/share/texmf-texlive/tex/latex/psnfss/t1ppl.fd
File: t1ppl.fd 2001/06/04 font definitions for T1/ppl.
)
\openout2 = `rosto.aux'.

 (./rosto.tex
(/usr/share/texmf-texlive/tex/latex/psnfss/ot1ptmcm.fd)
(/usr/share/texmf-texlive/tex/latex/psnfss/omlptmcm.fd)
(/usr/share/texmf-texlive/tex/latex/psnfss/omxpsycm.fd)
<UFRN.pdf, id=1, 319.1925pt x 131.49126pt> <use UFRN.pdf>
<DIMAp.jpg, id=2, 47.2164pt x 35.4123pt> <use DIMAp.jpg> <use UFRN.pdf>
<use DIMAp.jpg>
File: UFRN.pdf Graphic file (type pdf)
 <use UFRN.pdf>
File: DIMAp.jpg Graphic file (type jpg)
 <use DIMAp.jpg>
LaTeX Font Info:    Font shape `T1/ppl/bx/n' in size <20.74> not available
(Font)              Font shape `T1/ppl/b/n' tried instead on input line 38.
LaTeX Font Info:    Font shape `T1/ppl/bx/n' in size <17.28> not available
(Font)              Font shape `T1/ppl/b/n' tried instead on input line 44.
LaTeX Font Info:    Font shape `T1/ppl/bx/n' in size <12> not available
(Font)              Font shape `T1/ppl/b/n' tried instead on input line 67.
LaTeX Font Info:    Font shape `OT1/ptm/bx/n' in size <12> not available
(Font)              Font shape `OT1/ptm/b/n' tried instead on input line 67.
LaTeX Font Info:    Font shape `OT1/ptm/bx/n' in size <9> not available
(Font)              Font shape `OT1/ptm/b/n' tried instead on input line 67.
LaTeX Font Info:    Font shape `OT1/ptm/bx/n' in size <7> not available
(Font)              Font shape `OT1/ptm/b/n' tried instead on input line 67.
 [1



{/var/lib/texmf/fonts/map/pdftex/updmap/pdftex.map} <./UFRN.pdf> <./DIMAp.jpg>]
)
\openout2 = `catalograficos.aux'.

 (./catalograficos.tex)
[2


]
\openout2 = `preambulo.aux'.

 (./preambulo.tex [1



] [2

] [1] [2

]
LaTeX Font Info:    Font shape `T1/ppl/bx/n' in size <24.88> not available
(Font)              Font shape `T1/ppl/b/n' tried instead on input line 94.


! LaTeX Error: Something's wrong--perhaps a missing \item.

See the LaTeX manual or LaTeX Companion for explanation.
Type  H <return>  for immediate help.
 ...                                              
                                                  
l.100 \begin{itemize}
                     
Try typing  <return>  to proceed.
If that doesn't work, type  X <return>  to quit.


! LaTeX Error: Something's wrong--perhaps a missing \item.

See the LaTeX manual or LaTeX Companion for explanation.
Type  H <return>  for immediate help.
 ...                                              
                                                  
l.101 \item T
             er me dado o dom da vida;
Try typing  <return>  to proceed.
If that doesn't work, type  X <return>  to quit.


! LaTeX Error: Something's wrong--perhaps a missing \item.

See the LaTeX manual or LaTeX Companion for explanation.
Type  H <return>  for immediate help.
 ...                                              
                                                  
l.101 \item T
             er me dado o dom da vida;
Try typing  <return>  to proceed.
If that doesn't work, type  X <return>  to quit.


! LaTeX Error: Something's wrong--perhaps a missing \item.

See the LaTeX manual or LaTeX Companion for explanation.
Type  H <return>  for immediate help.
 ...                                              
                                                  
l.101 \item T
             er me dado o dom da vida;
Try typing  <return>  to proceed.
If that doesn't work, type  X <return>  to quit.

LaTeX Font Info:    Try loading font information for OMS+ppl on input line 101.

(/usr/share/texmf-texlive/tex/latex/psnfss/omsppl.fd
File: omsppl.fd 
)
LaTeX Font Info:    Font shape `OMS/ppl/m/n' in size <12> not available
(Font)              Font shape `OMS/cmsy/m/n' tried instead on input line 101.


! LaTeX Error: Something's wrong--perhaps a missing \item.

See the LaTeX manual or LaTeX Companion for explanation.
Type  H <return>  for immediate help.
 ...                                              
                                                  
l.103 \item T
             er me dado pais presente e incentivadores;
Try typing  <return>  to proceed.
If that doesn't work, type  X <return>  to quit.


! LaTeX Error: Something's wrong--perhaps a missing \item.

See the LaTeX manual or LaTeX Companion for explanation.
Type  H <return>  for immediate help.
 ...                                              
                                                  
l.103 \item T
             er me dado pais presente e incentivadores;
Try typing  <return>  to proceed.
If that doesn't work, type  X <return>  to quit.


! LaTeX Error: Something's wrong--perhaps a missing \item.

See the LaTeX manual or LaTeX Companion for explanation.
Type  H <return>  for immediate help.
 ...                                              
                                                  
l.103 \item T
             er me dado pais presente e incentivadores;
Try typing  <return>  to proceed.
If that doesn't work, type  X <return>  to quit.


! LaTeX Error: Something's wrong--perhaps a missing \item.

See the LaTeX manual or LaTeX Companion for explanation.
Type  H <return>  for immediate help.
 ...                                              
                                                  
l.105 \item T
             er me dado irmão companheiros, Stanley e Stênio;
Try typing  <return>  to proceed.
If that doesn't work, type  X <return>  to quit.


! LaTeX Error: Something's wrong--perhaps a missing \item.

See the LaTeX manual or LaTeX Companion for explanation.
Type  H <return>  for immediate help.
 ...                                              
                                                  
l.105 \item T
             er me dado irmão companheiros, Stanley e Stênio;
Try typing  <return>  to proceed.
If that doesn't work, type  X <return>  to quit.


! LaTeX Error: Something's wrong--perhaps a missing \item.

See the LaTeX manual or LaTeX Companion for explanation.
Type  H <return>  for immediate help.
 ...                                              
                                                  
l.105 \item T
             er me dado irmão companheiros, Stanley e Stênio;
Try typing  <return>  to proceed.
If that doesn't work, type  X <return>  to quit.


! LaTeX Error: Something's wrong--perhaps a missing \item.

See the LaTeX manual or LaTeX Companion for explanation.
Type  H <return>  for immediate help.
 ...                                              
                                                  
l.107 \item T
             er colocado na minha vida uma companheira ideal, Luanne;
Try typing  <return>  to proceed.
If that doesn't work, type  X <return>  to quit.


! LaTeX Error: Something's wrong--perhaps a missing \item.

See the LaTeX manual or LaTeX Companion for explanation.
Type  H <return>  for immediate help.
 ...                                              
                                                  
l.107 \item T
             er colocado na minha vida uma companheira ideal, Luanne;
Try typing  <return>  to proceed.
If that doesn't work, type  X <return>  to quit.


! LaTeX Error: Something's wrong--perhaps a missing \item.

See the LaTeX manual or LaTeX Companion for explanation.
Type  H <return>  for immediate help.
 ...                                              
                                                  
l.107 \item T
             er colocado na minha vida uma companheira ideal, Luanne;
Try typing  <return>  to proceed.
If that doesn't work, type  X <return>  to quit.


! LaTeX Error: Something's wrong--perhaps a missing \item.

See the LaTeX manual or LaTeX Companion for explanation.
Type  H <return>  for immediate help.
 ...                                              
                                                  
l.109 \item T
             er me apresentado amigos verdadeiros;
Try typing  <return>  to proceed.
If that doesn't work, type  X <return>  to quit.


! LaTeX Error: Something's wrong--perhaps a missing \item.

See the LaTeX manual or LaTeX Companion for explanation.
Type  H <return>  for immediate help.
 ...                                              
                                                  
l.109 \item T
             er me apresentado amigos verdadeiros;
Try typing  <return>  to proceed.
If that doesn't work, type  X <return>  to quit.


! LaTeX Error: Something's wrong--perhaps a missing \item.

See the LaTeX manual or LaTeX Companion for explanation.
Type  H <return>  for immediate help.
 ...                                              
                                                  
l.109 \item T
             er me apresentado amigos verdadeiros;
Try typing  <return>  to proceed.
If that doesn't work, type  X <return>  to quit.


! LaTeX Error: Something's wrong--perhaps a missing \item.

See the LaTeX manual or LaTeX Companion for explanation.
Type  H <return>  for immediate help.
 ...                                              
                                                  
l.111 \item D
             ar-me a oportunidade de trabalhar com verdadeiros mestres pacie...

Try typing  <return>  to proceed.
If that doesn't work, type  X <return>  to quit.


! LaTeX Error: Something's wrong--perhaps a missing \item.

See the LaTeX manual or LaTeX Companion for explanation.
Type  H <return>  for immediate help.
 ...                                              
                                                  
l.111 \item D
             ar-me a oportunidade de trabalhar com verdadeiros mestres pacie...

Try typing  <return>  to proceed.
If that doesn't work, type  X <return>  to quit.


! LaTeX Error: Something's wrong--perhaps a missing \item.

See the LaTeX manual or LaTeX Companion for explanation.
Type  H <return>  for immediate help.
 ...                                              
                                                  
l.111 \item D
             ar-me a oportunidade de trabalhar com verdadeiros mestres pacie...

Try typing  <return>  to proceed.
If that doesn't work, type  X <return>  to quit.


! LaTeX Error: Something's wrong--perhaps a missing \item.

See the LaTeX manual or LaTeX Companion for explanation.
Type  H <return>  for immediate help.
 ...                                              
                                                  
l.113 \item D
             ar-me a oportunidade de trabalho em um ambiente amigável, IFPI; e
Try typing  <return>  to proceed.
If that doesn't work, type  X <return>  to quit.


! LaTeX Error: Something's wrong--perhaps a missing \item.

See the LaTeX manual or LaTeX Companion for explanation.
Type  H <return>  for immediate help.
 ...                                              
                                                  
l.113 \item D
             ar-me a oportunidade de trabalho em um ambiente amigável, IFPI; e
Try typing  <return>  to proceed.
If that doesn't work, type  X <return>  to quit.


! LaTeX Error: Something's wrong--perhaps a missing \item.

See the LaTeX manual or LaTeX Companion for explanation.
Type  H <return>  for immediate help.
 ...                                              
                                                  
l.113 \item D
             ar-me a oportunidade de trabalho em um ambiente amigável, IFPI; e
Try typing  <return>  to proceed.
If that doesn't work, type  X <return>  to quit.


! LaTeX Error: Something's wrong--perhaps a missing \item.

See the LaTeX manual or LaTeX Companion for explanation.
Type  H <return>  for immediate help.
 ...                                              
                                                  
l.115 \item T
             er me dado forças para concluir esse trabalho.
Try typing  <return>  to proceed.
If that doesn't work, type  X <return>  to quit.


! LaTeX Error: Something's wrong--perhaps a missing \item.

See the LaTeX manual or LaTeX Companion for explanation.
Type  H <return>  for immediate help.
 ...                                              
                                                  
l.115 \item T
             er me dado forças para concluir esse trabalho.
Try typing  <return>  to proceed.
If that doesn't work, type  X <return>  to quit.


! LaTeX Error: Something's wrong--perhaps a missing \item.

See the LaTeX manual or LaTeX Companion for explanation.
Type  H <return>  for immediate help.
 ...                                              
                                                  
l.115 \item T
             er me dado forças para concluir esse trabalho.
Try typing  <return>  to proceed.
If that doesn't work, type  X <return>  to quit.


! LaTeX Error: Something's wrong--perhaps a missing \item.

See the LaTeX manual or LaTeX Companion for explanation.
Type  H <return>  for immediate help.
 ...                                              
                                                  
l.117 \end{itemize}
                   
Try typing  <return>  to proceed.
If that doesn't work, type  X <return>  to quit.

) [3]
\openout2 = `resumos.aux'.

 (./resumos.tex [4



] [5] [6

]) [7] [8


] (./principal.toc [1

])
\tf@toc=\write4
\openout4 = `principal.toc'.

 [2]
(./principal.lof
Runaway argument?
{\numberline {3.4}{\ignorespaces Funcionamento de um escalonador pree\ETC.
! Paragraph ended before \@dottedtocline was complete.
<to be read again> 
                   \par 
l.13 ...a prioridade \let \reserved@d = *\def \par
                                                   }}{17}
I suspect you've forgotten a `}', causing me to apply this
control sequence to too much text. How can we recover?
My plan is to forget the whole thing and hope for the best.

! Extra }, or forgotten \endgroup.
l.13 ...prioridade \let \reserved@d = *\def \par }
                                                  }{17}
I've deleted a group-closing symbol because it seems to be
spurious, as in `$x}$'. But perhaps the } is legitimate and
you forgot something else, as in `\hbox{$x}'. In such cases
the way to recover is to insert both the forgotten and the
deleted material, e.g., by typing `I$}'.

! Extra }, or forgotten \endgroup.
l.13 ...rioridade \let \reserved@d = *\def \par }}
                                                  {17}
I've deleted a group-closing symbol because it seems to be
spurious, as in `$x}$'. But perhaps the } is legitimate and
you forgot something else, as in `\hbox{$x}'. In such cases
the way to recover is to insert both the forgotten and the
deleted material, e.g., by typing `I$}'.

[3


]
Overfull \hbox (2.37355pt too wide) in paragraph at lines 59--59
 [][][] []\T1/ppl/m/n/12 Parte do in-va-ri-ante da má-quina $[]$ res-pon-sá-vel
 pela fila de men- 
 []

)
\tf@lof=\write5
\openout5 = `principal.lof'.

 [4] (./principal.lot)
\tf@lot=\write6
\openout6 = `principal.lot'.

 [5


] [6

]
No file principal.gls.
\openout2 = `introducao/introducao.aux'.

(./introducao/introducao.tex
Cap\'{\i }tulo 1.

LaTeX Warning: Citation 'USAReport' on page 1 undefined on input line 14.


LaTeX Warning: Citation 'GDSBC' on page 1 undefined on input line 20.


LaTeX Warning: Citation 'Jim09' on page 1 undefined on input line 24.

LaTeX Font Info:    Font shape `OT1/ptm/bx/n' in size <10> not available
(Font)              Font shape `OT1/ptm/b/n' tried instead on input line 24.
LaTeX Font Info:    Font shape `OT1/ptm/bx/n' in size <7.4> not available
(Font)              Font shape `OT1/ptm/b/n' tried instead on input line 24.
[1



]

LaTeX Warning: Citation 'bicarregui06' on page 2 undefined on input line 26.


LaTeX Warning: Citation 'Hoare05' on page 2 undefined on input line 27.


LaTeX Warning: Citation 'Jim09' on page 2 undefined on input line 27.


LaTeX Warning: Citation 'Barry09' on page 2 undefined on input line 29.


LaTeX Warning: Citation 'Barry092' on page 2 undefined on input line 29.


LaTeX Warning: Citation 'freertoskernel' on page 2 undefined on input line 29.


LaTeX Warning: Citation 'schneider06' on page 2 undefined on input line 31.


LaTeX Warning: Citation 'abrial96' on page 2 undefined on input line 31.


LaTeX Warning: Citation 'jaffuel07' on page 2 undefined on input line 33.


Underfull \vbox (badness 10000) has occurred while \output is active []

 [2]

LaTeX Warning: Citation 'ermac' on page 3 undefined on input line 64.


LaTeX Warning: Citation 'dantas08' on page 3 undefined on input line 64.


LaTeX Warning: Citation 'dantas08-2' on page 3 undefined on input line 64.


LaTeX Warning: Citation 'dantas08-2' on page 3 undefined on input line 70.

[3] <figuras/modulos_freertos.jpg, id=89, 138.9993pt x 92.7465pt>
File: figuras/modulos_freertos.jpg Graphic file (type jpg)

<use figuras/modulos_freertos.jpg>

LaTeX Warning: Citation 'david09' on page 4 undefined on input line 88.


Overfull \hbox (1.30115pt too wide) in paragraph at lines 88--89
[][]\T1/ppl/m/n/12 Ao to-tal, nessa es-pe-ci-fi-ca-ção de-sen-vol-vida pela pri
-meira etapa de re-fi-na-mento,
 []

[4 <./figuras/modulos_freertos.jpg>]) [5]
\openout2 = `trabalhos/trabalhos.aux'.

 (./trabalhos/trabalhos.tex [6



]
Cap\'{\i }tulo 2.

LaTeX Warning: Citation 'Popek79' on page 7 undefined on input line 7.


LaTeX Warning: Citation 'Feiertag79' on page 7 undefined on input line 7.


LaTeX Warning: Citation 'Bevier89' on page 7 undefined on input line 7.


LaTeX Warning: Citation 'Popek79' on page 7 undefined on input line 9.

<figuras/UCLA.jpg, id=99, 86.9649pt x 100.4553pt>
File: figuras/UCLA.jpg Graphic file (type jpg)
 <use figuras/UCLA.jpg>

LaTeX Warning: Citation 'Roever' on page 7 undefined on input line 21.

[7] <figuras/UCLA_states.jpg, id=104, 185.2521pt x 79.2561pt>
File: figuras/UCLA_states.jpg Graphic file (type jpg)

<use figuras/UCLA_states.jpg>

LaTeX Warning: Citation 'Feiertag79' on page 8 undefined on input line 37.

<figuras/PSOS.jpg, id=105, 115.8729pt x 114.1866pt>
File: figuras/PSOS.jpg Graphic file (type jpg)
 <use figuras/PSOS.jpg>

LaTeX Warning: Citation 'Klein09' on page 8 undefined on input line 50.

[8 <./figuras/UCLA.jpg> <./figuras/UCLA_states.jpg>]

LaTeX Warning: Citation 'Bevier89' on page 9 undefined on input line 52.


LaTeX Warning: Citation 'Hohmuth' on page 9 undefined on input line 57.


LaTeX Warning: Citation 'coyotos' on page 9 undefined on input line 61.

[9 <./figuras/PSOS.jpg>]

LaTeX Warning: Citation 'KolanskiK-06' on page 10 undefined on input line 65.


LaTeX Warning: Citation 'KolanskiK-06' on page 10 undefined on input line 67.

<figuras/l4.jpg, id=112, 202.8378pt x 156.8259pt>
File: figuras/l4.jpg Graphic file (type jpg)
 <use figuras/l4.jpg> [10 <./figuras/l4.jpg>]

LaTeX Warning: Citation 'kleine09' on page 11 undefined on input line 83.


LaTeX Warning: Citation 'Craig06' on page 11 undefined on input line 88.

) [11] [12]
\openout2 = `freertos/freertos.aux'.

 (./freertos/freertos.tex
Cap\'{\i }tulo 3.

LaTeX Warning: Citation 'Barry09' on page 13 undefined on input line 11.


LaTeX Warning: Citation 'Kalinsky03' on page 13 undefined on input line 18.

<figuras/rtos_pt.jpg, id=122, 284.5029pt x 242.5863pt>
File: figuras/rtos_pt.jpg Graphic file (type jpg)

<use figuras/rtos_pt.jpg>

LaTeX Warning: Citation 'Barry09' on page 13 undefined on input line 35.

[13



 <./figuras/rtos_pt.jpg>]
LaTeX Font Info:    Font shape `T1/ppl/bx/n' in size <14.4> not available
(Font)              Font shape `T1/ppl/b/n' tried instead on input line 53.


LaTeX Warning: Citation 'Barry09' on page 14 undefined on input line 59.


Overfull \hbox (2.31035pt too wide) in paragraph at lines 75--78
[][]\T1/ppl/m/n/12 Em um sis-tema, uma ta-refa pode as-su-mir vá-rios es-ta-dos
, que va-riam de acordo
 []

[14] <figuras/task_states_pt.jpg, id=130, 338.2236pt x 357.7365pt>
File: figuras/task_states_pt.jpg Graphic file (type jpg)

<use figuras/task_states_pt.jpg> [15 <./figuras/task_states_pt.jpg>]

LaTeX Warning: Citation 'Barry09' on page 16 undefined on input line 141.


Overfull \hbox (6.97624pt too wide) in paragraph at lines 136--142
[][]\T1/ppl/m/n/12 Outro con-ceito im-por-tante su-por-tado pelo Fre-eR-TOS é o
 con-ceito de Co-rotinas,
 []

<figuras/croutine_states_pt.jpg, id=134, 284.5029pt x 233.4321pt>
File: figuras/croutine_states_pt.jpg Graphic file (type jpg)

<use figuras/croutine_states_pt.jpg>

LaTeX Warning: `!h' float specifier changed to `!ht'.

[16] <figuras/scheduler_pt.jpg, id=138, 369.7815pt x 143.8173pt>
File: figuras/scheduler_pt.jpg Graphic file (type jpg)

<use figuras/scheduler_pt.jpg>
! Argument of \@caption has an extra }.
<inserted text> 
                \par 
l.245 \cite{Li03}}
                  
I've run across a `}' that doesn't seem to match anything.
For example, `\def\a#1{...}' and `\a}' would produce
this error. If you simply proceed now, the `\par' that
I've just inserted will cause me to report a runaway
argument that might be the root of the problem. But if
your `}' was spurious, just type `2' and it will go away.

Runaway argument?
\@captype {\def \reserved@a *{\@ifstar {\HAR@acite }{\HAR@fcite }}\reserved@a \
ETC.
! Paragraph ended before \@caption was complete.
<to be read again> 
                   \par 
l.245 \cite{Li03}}
                  
I suspect you've forgotten a `}', causing me to apply this
control sequence to too much text. How can we recover?
My plan is to forget the whole thing and hope for the best.


LaTeX Warning: Citation 'Li03' on page 17 undefined on input line 245.


LaTeX Warning: Citation 'Li03' on page 17 undefined on input line 245.


LaTeX Warning: `!h' float specifier changed to `!ht'.

[17 <./figuras/croutine_states_pt.jpg>]
Underfull \vbox (badness 10000) has occurred while \output is active []

 [18 <./figuras/scheduler_pt.jpg>]
Overfull \hbox (9.28392pt too wide) in paragraph at lines 285--289
[][]\T1/ppl/b/n/12 xTaskHandle\T1/ppl/m/n/12 : Tipo pelo qual uma ta-refa e re-
fe-ren-ci-ada. Por exem-plo, quando
 []

[19] [20]
Overfull \hbox (4.13637pt too wide) in paragraph at lines 372--373
[][]\T1/ppl/b/n/12 crQUEUE_RECEIVE_FROM_ISR\T1/ppl/m/n/12 : Re-cebe uma men-sa-
gem de uma fila, atra-
 []


Overfull \hbox (7.11157pt too wide) in paragraph at lines 373--374
\T1/ppl/m/n/12 exe-cu-ção a co-rotina de maior pri-o-ri-dade en-tre as co-rotin
as de es-tado pronto. 
 []


LaTeX Warning: Citation 'Li03' on page 21 undefined on input line 401.

[21] <figuras/queue_pt.jpg, id=155, 284.5029pt x 23.6082pt>
File: figuras/queue_pt.jpg Graphic file (type jpg)

<use figuras/queue_pt.jpg> [22 <./figuras/queue_pt.jpg>]
<figuras/counting_semaphore_pt.jpg, id=159, 312.9291pt x 143.3355pt>
File: figuras/counting_semaphore_pt.jpg Graphic file (type jpg)

<use figuras/counting_semaphore_pt.jpg> [23 <./figuras/counting_semaphore_pt.jp
g>] <figuras/Priority_inheritance_pt.jpg, id=163, 426.6339pt x 230.0595pt>
File: figuras/Priority_inheritance_pt.jpg Graphic file (type jpg)

<use figuras/Priority_inheritance_pt.jpg> [24 <./figuras/Priority_inheritance_p
t.jpg>]
Overfull \hbox (2.1446pt too wide) in paragraph at lines 576--578
[][]\T1/ppl/b/n/12 xQueueSendToFrontFromISR\T1/ppl/m/n/12 : Manda uma men-sa-ge
m para o iní-cio de uma
 []

[25]

LaTeX Warning: Citation 'Li03' on page 26 undefined on input line 626.

[26]
Overfull \hbox (14.382pt too wide) in paragraph at lines 695--695
[][]                 \T1/pcr/m/n/10.95 ( void * ) pvParameters, TASK_PRIORITY, 
&cyclicalTasksHandle);[] 
 []


Overfull \hbox (19.96648pt too wide) in paragraph at lines 759--759
[][]        \T1/pcr/m/n/10.95 if( xQueueReceive( xQueue, &( pxRxedMessage ), ( 
portTickType ) 10 ) ) {[] 
 []


Overfull \hbox (8.79753pt too wide) in paragraph at lines 760--760
[][]            \T1/pcr/m/n/10.95 // pcRxedMessage now points to the struct AMe
ssage variable posted[] 
 []


LaTeX Warning: `!h' float specifier changed to `!ht'.

[27] [28]
Overfull \hbox (2.58568pt too wide) in paragraph at lines 815--820
[][]\T1/ppl/m/n/12 Um exem-plo de uma apli-ca-ção que uti-liza um se-má-foro pa
ra con-tro-lar o acesso
 []


Overfull \hbox (19.96648pt too wide) in paragraph at lines 838--838
[][]        \T1/pcr/m/n/10.95 // See if we can obtain the semaphore. If the sem
aphore is not available[] 
 []


Overfull \hbox (3.21306pt too wide) in paragraph at lines 847--847
[][]            \T1/pcr/m/n/10.95 // We could not obtain the semaphore and can 
therefore not access[] 
 []


LaTeX Warning: `!h' float specifier changed to `!ht'.

[29] [30]

LaTeX Warning: `!h' float specifier changed to `!ht'.

) [31] [32]
\openout2 = `metodob/metodob.aux'.

 (./metodob/metodob.tex
Cap\'{\i }tulo 4.

LaTeX Warning: Citation 'Jim09' on page 33 undefined on input line 4.


LaTeX Warning: Citation 'honeywell03' on page 33 undefined on input line 15.


LaTeX Warning: Citation 'abrial96' on page 33 undefined on input line 26.

[33



] <figuras/desenvolvimento_b.jpg, id=197, 284.5029pt x 213.9192pt>
File: figuras/desenvolvimento_b.jpg Graphic file (type jpg)

<use figuras/desenvolvimento_b.jpg> [34 <./figuras/desenvolvimento_b.jpg>]

LaTeX Warning: Citation 'atelierb' on page 35 undefined on input line 98.


LaTeX Warning: Citation 'behm99' on page 35 undefined on input line 104.

[35]
! Undefined control sequence.
<argument> \mathbb 
                   {P}
l.150 \quad \mathit{tasks} \in \pow
                                   (\mathit{TASK}) \land \\
The control sequence at the end of the top line
of your error message was never \def'ed. If you have
misspelled it (e.g., `\hobx'), type `I' and the correct
spelling (e.g., `I\hbox'). Otherwise just continue,
and I'll forget about whatever was undefined.


Overfull \hbox (24.38089pt too wide) in paragraph at lines 197--204
\T1/ppl/m/n/12 Es-ses es-ta-dos são de-fi-ni-dos atra-vés das va-riá-veis e dos
 seus in-va-ri-an-tes ($[]$).
 []

! Undefined control sequence.
<argument> \mathbb 
                   {P}
l.210 $\mathit{tasks} \in \pow
                              (\mathit{TASK})$ e $ \card(\mathit{tasks})\leq...
The control sequence at the end of the top line
of your error message was never \def'ed. If you have
misspelled it (e.g., `\hobx'), type `I' and the correct
spelling (e.g., `I\hbox'). Otherwise just continue,
and I'll forget about whatever was undefined.

[36] [37] [38] [39] [40]
! Undefined control sequence.
<argument> \mathbb 
                   {P}
l.477 ...ts\mathit{tasks}.(\mathit{tasks} \in \pow
                                                  (\mathit{TASK}) \land
The control sequence at the end of the top line
of your error message was never \def'ed. If you have
misspelled it (e.g., `\hobx'), type `I' and the correct
spelling (e.g., `I\hbox'). Otherwise just continue,
and I'll forget about whatever was undefined.

[41]
! Undefined control sequence.
<argument> \mathbb 
                   {P}
l.499 ...sk}:= \emptyset] (\mathit{tasks} \in \pow
                                                  (\mathit{TASK}) \land
The control sequence at the end of the top line
of your error message was never \def'ed. If you have
misspelled it (e.g., `\hobx'), type `I' and the correct
spelling (e.g., `I\hbox'). Otherwise just continue,
and I'll forget about whatever was undefined.

! Undefined control sequence.
<argument> \mathbb 
                   {P}
l.501 \pow
          (\mathit{TASK}) \land \card(\emptyset)\leq 10$$
The control sequence at the end of the top line
of your error message was never \def'ed. If you have
misspelled it (e.g., `\hobx'), type `I' and the correct
spelling (e.g., `I\hbox'). Otherwise just continue,
and I'll forget about whatever was undefined.

! Undefined control sequence.
<argument> \mathbb 
                   {P}
l.530 (\mathit{tasks} \in \pow
                              (\mathit{TASK}) \land
The control sequence at the end of the top line
of your error message was never \def'ed. If you have
misspelled it (e.g., `\hobx'), type `I' and the correct
spelling (e.g., `I\hbox'). Otherwise just continue,
and I'll forget about whatever was undefined.

! Undefined control sequence.
<argument> \mathbb 
                   {P}
l.535 \in \pow
              (\mathit{TASK}) \cup \card(\mathit{tasks})\leq 10))))
The control sequence at the end of the top line
of your error message was never \def'ed. If you have
misspelled it (e.g., `\hobx'), type `I' and the correct
spelling (e.g., `I\hbox'). Otherwise just continue,
and I'll forget about whatever was undefined.

[42]

LaTeX Warning: Citation 'schneider06' on page 43 undefined on input line 553.

[43] [44] [45]
Overfull \hbox (4.71931pt too wide) in paragraph at lines 710--716
\T1/ppl/m/n/12 re-fi-na-mento $[] [] [] [] []$, onde, na mai-o-ria da ve-zes, $
[]$ reduz-se a $[]$.
 []

! Undefined control sequence.
<argument> \mathbb 
                   {P}
l.739 (\mathit{tasks} \in \pow
                              (\mathit{TASK}) \land \card(\mathit{tasks})\le...
The control sequence at the end of the top line
of your error message was never \def'ed. If you have
misspelled it (e.g., `\hobx'), type `I' and the correct
spelling (e.g., `I\hbox'). Otherwise just continue,
and I'll forget about whatever was undefined.

[46]) [47]
\openout2 = `escopo/escopo.aux'.

 (./escopo/escopo.tex [48



]
Cap\'{\i }tulo 5.
[49] [50]
! Illegal unit of measure (pt inserted).
<to be read again> 
                   \relax 
l.64 \hspace{200}
                 \=\kill
Dimensions can be in units of em, ex, in, pt, pc,
cm, mm, dd, cc, nd, nc, bp, or sp; but yours is a new one!
I'll assume that you meant to say pt, for printer's points.
To recover gracefully from this error, it's best to
delete the erroneous units; e.g., type `2' to delete
two letters. (See Chapter 27 of The TeXbook.)

) [51]
\openout2 = `modelagem_inicial/modelagem_inicial.aux'.

 (./modelagem_inicial/modelagem_inicial.tex [52



]
Cap\'{\i }tulo 6.
[53]

LaTeX Warning: Citation 'clearsy09' on page 54 undefined on input line 56.

[54] <figuras/class_diagram.jpg, id=268, 427.5975pt x 314.17375pt>
File: figuras/class_diagram.jpg Graphic file (type jpg)

<use figuras/class_diagram.jpg> [55 <./figuras/class_diagram.jpg>] [56]
[57]
Overfull \hbox (2.32132pt too wide) in paragraph at lines 281--282
[][]\T1/ppl/m/n/12 A ope-ra-ção res-pon-sá-vel por re-tor-nar uma ta-refa do es
-tado sus-pensa, fi-gura 6.7[],
 []

[58] [59]
! Undefined control sequence.
<argument> \mathbb 
                   {P}
l.377 \quad \mathit{queues} \in \pow
                                    (\mathit{QUEUE}) \land \\
The control sequence at the end of the top line
of your error message was never \def'ed. If you have
misspelled it (e.g., `\hobx'), type `I' and the correct
spelling (e.g., `I\hbox'). Otherwise just continue,
and I'll forget about whatever was undefined.

! Undefined control sequence.
<argument> \mathbb 
                   {P}
l.378 ...athit{QUEUE} \rightarrow\mkern-22mu+ \pow
                                                   (\mathit{ITEM})\land  \do...
The control sequence at the end of the top line
of your error message was never \def'ed. If you have
misspelled it (e.g., `\hobx'), type `I' and the correct
spelling (e.g., `I\hbox'). Otherwise just continue,
and I'll forget about whatever was undefined.

! Undefined control sequence.
<argument> \mathbb 
                   {P}
l.380 \pow
          (\TASK) \land \dom(\mathit{receiving}) = \mathit{queues} \land \\
The control sequence at the end of the top line
of your error message was never \def'ed. If you have
misspelled it (e.g., `\hobx'), type `I' and the correct
spelling (e.g., `I\hbox'). Otherwise just continue,
and I'll forget about whatever was undefined.

! Undefined control sequence.
<argument> \mathbb 
                   {P}
l.382 \pow
          (\TASK) \land  \dom(\mathit{sending}) = \mathit{queues} \\
The control sequence at the end of the top line
of your error message was never \def'ed. If you have
misspelled it (e.g., `\hobx'), type `I' and the correct
spelling (e.g., `I\hbox'). Otherwise just continue,
and I'll forget about whatever was undefined.

! Undefined control sequence.
<argument> \mathbb 
                   {N}
l.401 \quad \mathit{uxQueueLength} \in \nat
                                            \land \\
The control sequence at the end of the top line
of your error message was never \def'ed. If you have
misspelled it (e.g., `\hobx'), type `I' and the correct
spelling (e.g., `I\hbox'). Otherwise just continue,
and I'll forget about whatever was undefined.

! Undefined control sequence.
<argument> \mathbb 
                   {N}
l.402 \quad \mathit{uxItemSize} \in \nat
                                         \\
The control sequence at the end of the top line
of your error message was never \def'ed. If you have
misspelled it (e.g., `\hobx'), type `I' and the correct
spelling (e.g., `I\hbox'). Otherwise just continue,
and I'll forget about whatever was undefined.


Overfull \hbox (16.32854pt too wide) in paragraph at lines 425--426
\OMS/pzccm/m/n/12 f[] 7! ;g$\T1/ppl/m/n/12 ), um con-junto va-zio de ta-re-fas 
blo-que-a-das por lei-tura ($[] \OT1/ptmcm/m/n/12 :=
 []

[60]
Overfull \hbox (67.9473pt too wide) in paragraph at lines 480--482
\T1/ppl/m/n/12 junto de ta-re-fas blo-que-a-das por lei-tura ($[]\OT1/ptmcm/m/n
/12 ([]) := []([]) \OMS/pzccm/m/n/12 [
 []

[61] [62]
Overfull \hbox (65.50475pt too wide) in paragraph at lines 557--562
\T1/ppl/m/n/12 sen-tada pela fi-gura 6.15[]. Nela, ba-si-ca-mente, ocorre uma c
ha-mada à fun-ção $[]$,
 []


Overfull \hbox (6.34137pt too wide) in paragraph at lines 635--636
[][]\T1/ppl/m/n/12 Finalmente, os re-fi-na-men-tos das ope-ra-ções pre-vi-a-men
te de-mons-tra-das, $[]$
 []


LaTeX Warning: `!h' float specifier changed to `!ht'.

[63]

LaTeX Warning: `!h' float specifier changed to `!ht'.


! LaTeX Error: \mathit allowed only in math mode.

See the LaTeX manual or LaTeX Companion for explanation.
Type  H <return>  for immediate help.
 ...                                              
                                                  
l.711 ...\ANY$, representada pela variável \mathit
                                                  {i}. Após isso, para essa ...

You're in trouble here.  Try typing  <return>  to proceed.
If that doesn't work, type  X <return>  to quit.


Underfull \vbox (badness 10000) has occurred while \output is active []

 [64]
LaTeX Font Info:    Font shape `T1/ppl/bx/n' in size <10> not available
(Font)              Font shape `T1/ppl/b/n' tried instead on input line 747.
)
[65]
\openout2 = `modelagem_atual/modelagem_atual.aux'.

 (./modelagem_atual/modelagem_atual.tex [66



]
Cap\'{\i }tulo 7.
[67]
Overfull \hbox (6.5133pt too wide) in paragraph at lines 59--60
\T1/ppl/m/n/12 mo-di-fi-ca-ções ne-ces-sá-rias nas ope-ra-ções, que ma-nu-seam 
seus es-ta-dos. Desse modo,
 []

[68] [69] [70]
Overfull \hbox (4.25667pt too wide) in paragraph at lines 258--259
\T1/ppl/m/n/12 mu-tex que es-tão ocu-pa-dos, nessa or-dem. As va-riá-veis $[]$,
 $[]$,
 []

LaTeX Font Info:    Font shape `T1/ppl/bx/it' in size <14.4> not available
(Font)              Font shape `T1/ppl/b/it' tried instead on input line 260.
! Undefined control sequence.
<argument> \mathbb 
                   {P}
l.262 ..._receiving} \in \mathit{QUEUE} \pfun \pow
                                                  (\mathit{TASK})$ e
The control sequence at the end of the top line
of your error message was never \def'ed. If you have
misspelled it (e.g., `\hobx'), type `I' and the correct
spelling (e.g., `I\hbox'). Otherwise just continue,
and I'll forget about whatever was undefined.

! Undefined control sequence.
<argument> \mathbb 
                   {P}
l.263 ...e\_sending} \in \mathit{QUEUE} \pfun \pow
                                                  (\mathit{TASK})$ relaciona...
The control sequence at the end of the top line
of your error message was never \def'ed. If you have
misspelled it (e.g., `\hobx'), type `I' and the correct
spelling (e.g., `I\hbox'). Otherwise just continue,
and I'll forget about whatever was undefined.

! Undefined control sequence.
<argument> \mathbb 
                   {P}
l.271 \quad\mathit{queues} \in \pow
                                   (\mathit{QUEUE}) \land \\
The control sequence at the end of the top line
of your error message was never \def'ed. If you have
misspelled it (e.g., `\hobx'), type `I' and the correct
spelling (e.g., `I\hbox'). Otherwise just continue,
and I'll forget about whatever was undefined.

! Undefined control sequence.
<argument> \mathbb 
                   {P}
l.272 ..._receiving} \in \mathit{QUEUE} \pfun \pow
                                                  (\mathit{TASK}) \land \\
The control sequence at the end of the top line
of your error message was never \def'ed. If you have
misspelled it (e.g., `\hobx'), type `I' and the correct
spelling (e.g., `I\hbox'). Otherwise just continue,
and I'll forget about whatever was undefined.

! Undefined control sequence.
<argument> \mathbb 
                   {P}
l.273 ...e\_sending} \in \mathit{QUEUE} \pfun \pow
                                                  (\mathit{TASK}) \land \\
The control sequence at the end of the top line
of your error message was never \def'ed. If you have
misspelled it (e.g., `\hobx'), type `I' and the correct
spelling (e.g., `I\hbox'). Otherwise just continue,
and I'll forget about whatever was undefined.

[71]
! Undefined control sequence.
<argument> \mathbb 
                   {P}
l.294 ...eue\_items} \in \mathit{QUEUE} \pfun \pow
                                                  (\mathit{ITEM}) \land \\
The control sequence at the end of the top line
of your error message was never \def'ed. If you have
misspelled it (e.g., `\hobx'), type `I' and the correct
spelling (e.g., `I\hbox'). Otherwise just continue,
and I'll forget about whatever was undefined.

! Undefined control sequence.
<argument> \mathbb 
                   {P}
l.316 \quad \mathit{semaphores} \in \pow
                                        (\mathit{QUEUE}) \land \\
The control sequence at the end of the top line
of your error message was never \def'ed. If you have
misspelled it (e.g., `\hobx'), type `I' and the correct
spelling (e.g., `I\hbox'). Otherwise just continue,
and I'll forget about whatever was undefined.

! Missing number, treated as zero.
<to be read again> 
                   \relax 
l.324 \hspace\\
               
A number should have been here; I inserted `0'.
(If you can't figure out why I needed to see a number,
look up `weird error' in the index to The TeXbook.)

! Illegal unit of measure (pt inserted).
<to be read again> 
                   \relax 
l.324 \hspace\\
               
Dimensions can be in units of em, ex, in, pt, pc,
cm, mm, dd, cc, nd, nc, bp, or sp; but yours is a new one!
I'll assume that you meant to say pt, for printer's points.
To recover gracefully from this error, it's best to
delete the erroneous units; e.g., type `2' to delete
two letters. (See Chapter 27 of The TeXbook.)

! Missing number, treated as zero.
<to be read again> 
                   \relax 
l.325 \hspace\\
               
A number should have been here; I inserted `0'.
(If you can't figure out why I needed to see a number,
look up `weird error' in the index to The TeXbook.)

! Illegal unit of measure (pt inserted).
<to be read again> 
                   \relax 
l.325 \hspace\\
               
Dimensions can be in units of em, ex, in, pt, pc,
cm, mm, dd, cc, nd, nc, bp, or sp; but yours is a new one!
I'll assume that you meant to say pt, for printer's points.
To recover gracefully from this error, it's best to
delete the erroneous units; e.g., type `2' to delete
two letters. (See Chapter 27 of The TeXbook.)

[72]
! Undefined control sequence.
<argument> \mathbb 
                   {N}
l.355 \quad \mathit{uxItemSize} \in \nat
                                         \\
The control sequence at the end of the top line
of your error message was never \def'ed. If you have
misspelled it (e.g., `\hobx'), type `I' and the correct
spelling (e.g., `I\hbox'). Otherwise just continue,
and I'll forget about whatever was undefined.


Overfull \hbox (37.91219pt too wide) in paragraph at lines 380--381
\T1/ppl/m/n/12 ($[] \OT1/ptmcm/m/n/12 := [] \OMS/pzccm/m/n/12 [ f[]g$\T1/ppl/m/
n/12 ), de fila blo-que-a-das por lei-tura ($[] \OT1/ptmcm/m/n/12 :=
 []


Overfull \hbox (3.59297pt too wide) in paragraph at lines 380--381
[] \OMS/pzccm/m/n/12 [ f[] 7! ;g$\T1/ppl/m/n/12 ) e de fi-las blo-que-a-das por
 es-crita ($[] \OT1/ptmcm/m/n/12 :=
 []

! Undefined control sequence.
<argument> \mathbb 
                   {P}
l.408 ...\quad\quad \mathit{n\_receiving} \in \pow
                                                  ( \mathit{TASK}) \land \\
The control sequence at the end of the top line
of your error message was never \def'ed. If you have
misspelled it (e.g., `\hobx'), type `I' and the correct
spelling (e.g., `I\hbox'). Otherwise just continue,
and I'll forget about whatever was undefined.


Overfull \hbox (14.7971pt too wide) detected at line 437
[]
 []

[73]
Underfull \vbox (badness 10000) has occurred while \output is active []

 [74]
Overfull \hbox (20.50066pt too wide) in paragraph at lines 493--494
\T1/ppl/m/n/12 con-junto para as ta-re-fas blo-que-a-das por ten-ta-rem li-be-r
ar o se-má-foro ($[] \OT1/ptmcm/m/n/12 :=
 []

! Undefined control sequence.
<argument> \mathbb 
                   {P}
l.518 \quad\quad\mathit{n\_receiving} \in \pow
                                              (\mathit{TASK}) \land \\
The control sequence at the end of the top line
of your error message was never \def'ed. If you have
misspelled it (e.g., `\hobx'), type `I' and the correct
spelling (e.g., `I\hbox'). Otherwise just continue,
and I'll forget about whatever was undefined.

[75]
Overfull \hbox (22.24203pt too wide) in paragraph at lines 536--537
[][]\T1/ppl/m/n/12 As de-mais ope-ra-ções re-la-ci-o-na-das com o ele-mento se-
má-foro são $[]$
 []

! Missing $ inserted.
<inserted text> 
                $
l.541 ...uras~\ref{fig:q_createMutex} e~ref{fig:q_
                                                  takeMutex}.
I've inserted a begin-math/end-math symbol since I think
you left one out. Proceed, with fingers crossed.

! Extra }, or forgotten $.
l.541 ...fig:q_createMutex} e~ref{fig:q_takeMutex}
                                                  .
I've deleted a group-closing symbol because it seems to be
spurious, as in `$x}$'. But perhaps the } is legitimate and
you forgot something else, as in `\hbox{$x}'. In such cases
the way to recover is to insert both the forgotten and the
deleted material, e.g., by typing `I$}'.

! Missing $ inserted.
<inserted text> 
                $
l.542 
      
I've inserted a begin-math/end-math symbol since I think
you left one out. Proceed, with fingers crossed.


Overfull \hbox (38.10545pt too wide) in paragraph at lines 540--542
[][]\T1/ppl/m/n/12 Na má-quina $[]$, as ope-ra-ções res-pon-sá-veis pela en-ti-
dade mu-tex são $[]$,
 []


Overfull \hbox (3.07607pt too wide) in paragraph at lines 571--572
[]$ \T1/ppl/m/n/12 e da va-riá-vel $[]$. O de-ta-lhe dessa ope-ra-ção esta na a
s-ser-ção $[] \OT1/ptmcm/m/n/12 :=
 []

[76]
Overfull \hbox (28.2042pt too wide) in paragraph at lines 595--597
[]$\T1/ppl/m/n/12 . Para isso, ela in-forma que o mu-tex está ocu-pado em $[] \
OT1/ptmcm/m/n/12 := [] \OMS/pzccm/m/n/12 [
 []

[77]
LaTeX Font Info:    Font shape `OT1/ptm/bx/n' in size <14.4> not available
(Font)              Font shape `OT1/ptm/b/n' tried instead on input line 634.
 [78]
! Undefined control sequence.
<recently read> \mathi 
                       
l.731 ...prioridade da tarefa em execução ($\mathi
                                                  {priority} \ge \mathit{t\_...
The control sequence at the end of the top line
of your error message was never \def'ed. If you have
misspelled it (e.g., `\hobx'), type `I' and the correct
spelling (e.g., `I\hbox'). Otherwise just continue,
and I'll forget about whatever was undefined.


Overfull \hbox (11.89148pt too wide) in paragraph at lines 731--732
\T1/ppl/m/n/12 maior ou igual que a pri-o-ri-dade da ta-refa em exe-cu-ção ($[]
 \OMS/pzccm/m/n/12 ^^U []\OT1/ptmcm/m/n/12 ([])$\T1/ppl/m/n/12 )
 []

! Undefined control sequence.
<recently read> \mahti 
                       
l.733 ...a especificação da funcionalidade $\mahti
                                                  {xSemaphoreTake}$, respons...
The control sequence at the end of the top line
of your error message was never \def'ed. If you have
misspelled it (e.g., `\hobx'), type `I' and the correct
spelling (e.g., `I\hbox'). Otherwise just continue,
and I'll forget about whatever was undefined.


LaTeX Font Warning: Command \small invalid in math mode on input line 750.


LaTeX Font Warning: Command \small invalid in math mode on input line 772.


Overfull \hbox (25.85571pt too wide) in paragraph at lines 772--773
\T1/ppl/m/n/12 refa em exe-cu-ção, que so-li-ci-tou o mu-tex, atra-vés da as-se
r-ções $[] []\OMS/pzccm/m/n/12 f[] 7!
 []


Overfull \hbox (58.88287pt too wide) in paragraph at lines 772--773
[]$ \T1/ppl/m/n/12 é ar-ma-ze-nada uti-li-zando a as-ser-ção $[]\OT1/ptmcm/m/n/
12 ([]) := []([])$\T1/ppl/m/n/12 . 
 []

[79]) [80] [81] [82]
\openout2 = `consideracoes_finais/consideracoes_finais.aux'.

 (./consideracoes_finais/consideracoes_finais.tex
Cap\'{\i }tulo 8.
[83



]

LaTeX Warning: Citation 'framac' on page 84 undefined on input line 22.


LaTeX Warning: Citation 'vcc' on page 84 undefined on input line 22.


LaTeX Warning: Citation 'prob' on page 84 undefined on input line 24.


LaTeX Warning: Citation 'csp' on page 84 undefined on input line 29.


LaTeX Warning: `!h' float specifier changed to `!ht'.

[84]
Overfull \hbox (3.19754pt too wide) in paragraph at lines 76--77
[][]\T1/ppl/m/n/12 O não re-a-pro-vei-ta-mento das ope-ra-ções es-pe-ci-fi-ca-d
as na mesma má-quina, força
 []

) [85] (./principal.bbl [86


]
Underfull \hbox (badness 10000) in paragraph at lines 10--14
[][]\T1/ppl/m/n/12 COMMITTEE, P. I. T. A. \T1/ppl/m/it/12 Com-pu-ta-ti-o-nal Sc
i-
 []


Underfull \hbox (badness 10000) in paragraph at lines 10--14
\T1/ppl/m/it/12 ence: En-su-ring Ame-rica's Com-pe-ti-ti-ve-ness\T1/ppl/m/n/12 
. 2005.
 []


Overfull \hbox (55.3704pt too wide) in paragraph at lines 10--14
\T1/ppl/m/n/12 URL:http://www.nitrd.gov/pitac/reports/20050609computational/com
putational.pdf. 
 []


Underfull \hbox (badness 10000) in paragraph at lines 50--52
[][]\T1/ppl/m/n/12 BARRY, R. \T1/ppl/m/it/12 Fre-eR-TOS Real Time Ker-nel\T1/pp
l/m/n/12 . 2010.
 []

[87] [88]) [89] (./principal.aux (./rosto.aux) (./catalograficos.aux)
(./preambulo.aux) (./resumos.aux) (./introducao/introducao.aux)
(./trabalhos/trabalhos.aux) (./freertos/freertos.aux) (./metodob/metodob.aux)
(./escopo/escopo.aux) (./modelagem_inicial/modelagem_inicial.aux)
(./modelagem_atual/modelagem_atual.aux)
(./consideracoes_finais/consideracoes_finais.aux))

LaTeX Warning: Label(s) may have changed. Rerun to get cross-references right.

 )
(\end occurred inside a group at level 1)

### simple group (level 1) entered at line 541 ({)
### bottom level 
Here is how much of TeX's memory you used:
 3441 strings out of 95077
 43979 string characters out of 1183064
 104775 words of memory out of 1500000
 6355 multiletter control sequences out of 10000+50000
 96365 words of font info for 151 fonts, out of 1200000 for 2000
 30 hyphenation exceptions out of 8191
 30i,18n,29p,1140b,389s stack positions out of 5000i,500n,6000p,200000b,5000s
{/usr/share/texmf-texlive/fonts/enc/dvips/base/8r.enc}</usr/sha
re/texmf-texlive/fonts/type1/bluesky/cm/cmmi10.pfb></usr/share/texmf-texlive/fo
nts/type1/bluesky/cm/cmr10.pfb></usr/share/texmf-texlive/fonts/type1/bluesky/cm
/cmsy10.pfb></usr/share/texmf-texlive/fonts/type1/urw/courier/ucrr8a.pfb></usr/
share/texmf-texlive/fonts/type1/urw/helvetic/uhvr8a.pfb></usr/share/texmf-texli
ve/fonts/type1/urw/palatino/uplb8a.pfb></usr/share/texmf-texlive/fonts/type1/ur
w/palatino/uplbi8a.pfb></usr/share/texmf-texlive/fonts/type1/urw/palatino/uplr8
a.pfb></usr/share/texmf-texlive/fonts/type1/urw/palatino/uplr8a.pfb></usr/share
/texmf-texlive/fonts/type1/urw/palatino/uplri8a.pfb></usr/share/texmf-texlive/f
onts/type1/urw/symbol/usyr.pfb></usr/share/texmf-texlive/fonts/type1/urw/times/
utmb8a.pfb></usr/share/texmf-texlive/fonts/type1/urw/times/utmr8a.pfb></usr/sha
re/texmf-texlive/fonts/type1/urw/times/utmri8a.pfb>
Output written on principal.pdf (107 pages, 2153761 bytes).
PDF statistics:
 429 PDF objects out of 1000 (max. 8388607)
 0 named destinations out of 1000 (max. 131072)
 81 words of extra memory for PDF output out of 10000 (max. 10000000)

